ARM GAS  C:\DOCUME~1\Remixvit\LOCALS~1\Temp\ccpwPq8b.s 			page 1


   1              		.cpu cortex-m0
   2              		.fpu softvfp
   3              		.eabi_attribute 20, 1
   4              		.eabi_attribute 21, 1
   5              		.eabi_attribute 23, 3
   6              		.eabi_attribute 24, 1
   7              		.eabi_attribute 25, 1
   8              		.eabi_attribute 26, 1
   9              		.eabi_attribute 30, 1
  10              		.eabi_attribute 34, 0
  11              		.eabi_attribute 18, 4
  12              		.code	16
  13              		.file	"HDC1050.c"
  14              		.text
  15              	.Ltext0:
  16              		.cfi_sections	.debug_frame
  17              		.section	.text.HDC1050_Request_Conversion,"ax",%progbits
  18              		.align	2
  19              		.global	HDC1050_Request_Conversion
  20              		.code	16
  21              		.thumb_func
  22              		.type	HDC1050_Request_Conversion, %function
  23              	HDC1050_Request_Conversion:
  24              	.LFB33:
  25              		.file 1 ".\\HDC1050.c"
   1:.\HDC1050.c   **** /* ========================================
   2:.\HDC1050.c   ****  *
   3:.\HDC1050.c   ****  * Copyright YOUR COMPANY, THE YEAR
   4:.\HDC1050.c   ****  * All Rights Reserved
   5:.\HDC1050.c   ****  * UNPUBLISHED, LICENSED SOFTWARE.
   6:.\HDC1050.c   ****  *
   7:.\HDC1050.c   ****  * CONFIDENTIAL AND PROPRIETARY INFORMATION
   8:.\HDC1050.c   ****  * WHICH IS THE PROPERTY OF your company.
   9:.\HDC1050.c   ****  *
  10:.\HDC1050.c   ****  * ========================================
  11:.\HDC1050.c   **** */
  12:.\HDC1050.c   **** #include <Project.h>
  13:.\HDC1050.c   **** 
  14:.\HDC1050.c   **** volatile const uint32 HDC1050_Slave_Adress = 0x40;
  15:.\HDC1050.c   **** volatile int8 Temp = 10;
  16:.\HDC1050.c   **** volatile uint8 Humi = 10;
  17:.\HDC1050.c   **** 
  18:.\HDC1050.c   **** void HDC1050_Get_Temp_And_Humi();
  19:.\HDC1050.c   **** void HDC1050_Request_Conversion();
  20:.\HDC1050.c   **** 
  21:.\HDC1050.c   **** 
  22:.\HDC1050.c   **** void HDC1050_Request_Conversion(){
  26              		.loc 1 22 0
  27              		.cfi_startproc
  28 0000 10B5     		push	{r4, lr}
  29              		.cfi_def_cfa_offset 8
  30              		.cfi_offset 4, -8
  31              		.cfi_offset 14, -4
  32 0002 82B0     		sub	sp, sp, #8
  33              		.cfi_def_cfa_offset 16
  23:.\HDC1050.c   ****     uint8 Request[] = {0};
  34              		.loc 1 23 0
ARM GAS  C:\DOCUME~1\Remixvit\LOCALS~1\Temp\ccpwPq8b.s 			page 2


  35 0004 01AC     		add	r4, sp, #4
  36 0006 0023     		mov	r3, #0
  37 0008 2370     		strb	r3, [r4]
  24:.\HDC1050.c   ****     SCB_2_I2CMasterClearStatus();
  38              		.loc 1 24 0
  39 000a FFF7FEFF 		bl	SCB_2_I2CMasterClearStatus
  40              	.LVL0:
  25:.\HDC1050.c   ****     SCB_2_I2CMasterWriteBuf(HDC1050_Slave_Adress, Request, 1, SCB_2_I2C_MODE_COMPLETE_XFER);
  41              		.loc 1 25 0
  42 000e 064B     		ldr	r3, .L3
  43 0010 1868     		ldr	r0, [r3]
  44 0012 211C     		mov	r1, r4
  45 0014 0122     		mov	r2, #1
  46 0016 0023     		mov	r3, #0
  47 0018 FFF7FEFF 		bl	SCB_2_I2CMasterWriteBuf
  48              	.LVL1:
  49              	.L2:
  26:.\HDC1050.c   ****     while((SCB_2_I2CMasterStatus() & SCB_2_I2C_MSTAT_WR_CMPLT) == 0){}
  50              		.loc 1 26 0 discriminator 1
  51 001c FFF7FEFF 		bl	SCB_2_I2CMasterStatus
  52              	.LVL2:
  53 0020 8307     		lsl	r3, r0, #30
  54 0022 FBD5     		bpl	.L2
  27:.\HDC1050.c   **** }
  55              		.loc 1 27 0
  56 0024 02B0     		add	sp, sp, #8
  57              		@ sp needed
  58 0026 10BD     		pop	{r4, pc}
  59              	.L4:
  60              		.align	2
  61              	.L3:
  62 0028 00000000 		.word	.LANCHOR0
  63              		.cfi_endproc
  64              	.LFE33:
  65              		.size	HDC1050_Request_Conversion, .-HDC1050_Request_Conversion
  66              		.section	.text.HDC1050_Get_Temp_And_Humi,"ax",%progbits
  67              		.align	2
  68              		.global	HDC1050_Get_Temp_And_Humi
  69              		.code	16
  70              		.thumb_func
  71              		.type	HDC1050_Get_Temp_And_Humi, %function
  72              	HDC1050_Get_Temp_And_Humi:
  73              	.LFB34:
  28:.\HDC1050.c   **** 
  29:.\HDC1050.c   **** void HDC1050_Get_Temp_And_Humi(){
  74              		.loc 1 29 0
  75              		.cfi_startproc
  76 0000 00B5     		push	{lr}
  77              		.cfi_def_cfa_offset 4
  78              		.cfi_offset 14, -4
  79 0002 83B0     		sub	sp, sp, #12
  80              		.cfi_def_cfa_offset 16
  30:.\HDC1050.c   ****     uint8 Bufer[4];
  31:.\HDC1050.c   ****     SCB_2_I2CMasterClearStatus();
  81              		.loc 1 31 0
  82 0004 FFF7FEFF 		bl	SCB_2_I2CMasterClearStatus
  83              	.LVL3:
ARM GAS  C:\DOCUME~1\Remixvit\LOCALS~1\Temp\ccpwPq8b.s 			page 3


  32:.\HDC1050.c   ****     SCB_2_I2CMasterReadBuf(HDC1050_Slave_Adress, Bufer, 4, SCB_2_I2C_MODE_COMPLETE_XFER);
  84              		.loc 1 32 0
  85 0008 154B     		ldr	r3, .L7
  86 000a 1868     		ldr	r0, [r3]
  87 000c 01A9     		add	r1, sp, #4
  88 000e 0422     		mov	r2, #4
  89 0010 0023     		mov	r3, #0
  90 0012 FFF7FEFF 		bl	SCB_2_I2CMasterReadBuf
  91              	.LVL4:
  92              	.L6:
  33:.\HDC1050.c   ****     while((SCB_2_I2CMasterStatus() & SCB_2_I2C_MSTAT_RD_CMPLT) == 0){}
  93              		.loc 1 33 0 discriminator 1
  94 0016 FFF7FEFF 		bl	SCB_2_I2CMasterStatus
  95              	.LVL5:
  96 001a C307     		lsl	r3, r0, #31
  97 001c FBD5     		bpl	.L6
  34:.\HDC1050.c   ****     SCB_2_I2CMasterClearStatus();
  98              		.loc 1 34 0
  99 001e FFF7FEFF 		bl	SCB_2_I2CMasterClearStatus
 100              	.LVL6:
  35:.\HDC1050.c   ****     Temp = ((((Bufer[0] << 8) + Bufer[1]) * 165 + 0x8000) >> 16) - 40;
 101              		.loc 1 35 0
 102 0022 01A9     		add	r1, sp, #4
 103 0024 0B78     		ldrb	r3, [r1]
 104 0026 1B02     		lsl	r3, r3, #8
 105 0028 4878     		ldrb	r0, [r1, #1]
 106 002a 1B18     		add	r3, r3, r0
 107 002c 9A00     		lsl	r2, r3, #2
 108 002e D218     		add	r2, r2, r3
 109 0030 5301     		lsl	r3, r2, #5
 110 0032 D318     		add	r3, r2, r3
 111 0034 8022     		mov	r2, #128
 112 0036 1202     		lsl	r2, r2, #8
 113 0038 9446     		mov	ip, r2
 114 003a 6344     		add	r3, r3, ip
 115 003c 1B14     		asr	r3, r3, #16
 116 003e 283B     		sub	r3, r3, #40
 117 0040 DBB2     		uxtb	r3, r3
 118 0042 0748     		ldr	r0, .L7
 119 0044 0371     		strb	r3, [r0, #4]
  36:.\HDC1050.c   ****     Humi = (((Bufer[2] << 8) + Bufer[3]) * 100 + 0x8000) >> 16;
 120              		.loc 1 36 0
 121 0046 8B78     		ldrb	r3, [r1, #2]
 122 0048 1B02     		lsl	r3, r3, #8
 123 004a C978     		ldrb	r1, [r1, #3]
 124 004c 5A18     		add	r2, r3, r1
 125 004e 6423     		mov	r3, #100
 126 0050 5343     		mul	r3, r2
 127 0052 6344     		add	r3, r3, ip
 128 0054 1B14     		asr	r3, r3, #16
 129 0056 DBB2     		uxtb	r3, r3
 130 0058 4371     		strb	r3, [r0, #5]
  37:.\HDC1050.c   **** }
 131              		.loc 1 37 0
 132 005a 03B0     		add	sp, sp, #12
 133              		@ sp needed
 134 005c 00BD     		pop	{pc}
ARM GAS  C:\DOCUME~1\Remixvit\LOCALS~1\Temp\ccpwPq8b.s 			page 4


 135              	.L8:
 136 005e C046     		.align	2
 137              	.L7:
 138 0060 00000000 		.word	.LANCHOR0
 139              		.cfi_endproc
 140              	.LFE34:
 141              		.size	HDC1050_Get_Temp_And_Humi, .-HDC1050_Get_Temp_And_Humi
 142              		.global	Humi
 143              		.global	Temp
 144              		.global	HDC1050_Slave_Adress
 145              		.data
 146              		.align	2
 147              		.set	.LANCHOR0,. + 0
 148              		.type	HDC1050_Slave_Adress, %object
 149              		.size	HDC1050_Slave_Adress, 4
 150              	HDC1050_Slave_Adress:
 151 0000 40000000 		.word	64
 152              		.type	Temp, %object
 153              		.size	Temp, 1
 154              	Temp:
 155 0004 0A       		.byte	10
 156              		.type	Humi, %object
 157              		.size	Humi, 1
 158              	Humi:
 159 0005 0A       		.byte	10
 160 0006 0000     		.text
 161              	.Letext0:
 162              		.file 2 "Generated_Source\\PSoC4/cytypes.h"
 163              		.file 3 "Generated_Source\\PSoC4/SCB_2_I2C.h"
 164              		.section	.debug_info,"",%progbits
 165              	.Ldebug_info0:
 166 0000 28020000 		.4byte	0x228
 167 0004 0400     		.2byte	0x4
 168 0006 00000000 		.4byte	.Ldebug_abbrev0
 169 000a 04       		.byte	0x4
 170 000b 01       		.uleb128 0x1
 171 000c 41010000 		.4byte	.LASF26
 172 0010 01       		.byte	0x1
 173 0011 B5000000 		.4byte	.LASF27
 174 0015 03020000 		.4byte	.LASF28
 175 0019 00000000 		.4byte	.Ldebug_ranges0+0
 176 001d 00000000 		.4byte	0
 177 0021 00000000 		.4byte	.Ldebug_line0
 178 0025 02       		.uleb128 0x2
 179 0026 01       		.byte	0x1
 180 0027 06       		.byte	0x6
 181 0028 2B020000 		.4byte	.LASF0
 182 002c 02       		.uleb128 0x2
 183 002d 01       		.byte	0x1
 184 002e 08       		.byte	0x8
 185 002f 65000000 		.4byte	.LASF1
 186 0033 02       		.uleb128 0x2
 187 0034 02       		.byte	0x2
 188 0035 05       		.byte	0x5
 189 0036 CF010000 		.4byte	.LASF2
 190 003a 02       		.uleb128 0x2
 191 003b 02       		.byte	0x2
ARM GAS  C:\DOCUME~1\Remixvit\LOCALS~1\Temp\ccpwPq8b.s 			page 5


 192 003c 07       		.byte	0x7
 193 003d 35000000 		.4byte	.LASF3
 194 0041 02       		.uleb128 0x2
 195 0042 04       		.byte	0x4
 196 0043 05       		.byte	0x5
 197 0044 F5010000 		.4byte	.LASF4
 198 0048 02       		.uleb128 0x2
 199 0049 04       		.byte	0x4
 200 004a 07       		.byte	0x7
 201 004b 7B000000 		.4byte	.LASF5
 202 004f 02       		.uleb128 0x2
 203 0050 08       		.byte	0x8
 204 0051 05       		.byte	0x5
 205 0052 1B010000 		.4byte	.LASF6
 206 0056 02       		.uleb128 0x2
 207 0057 08       		.byte	0x8
 208 0058 07       		.byte	0x7
 209 0059 E1000000 		.4byte	.LASF7
 210 005d 03       		.uleb128 0x3
 211 005e 04       		.byte	0x4
 212 005f 05       		.byte	0x5
 213 0060 696E7400 		.ascii	"int\000"
 214 0064 02       		.uleb128 0x2
 215 0065 04       		.byte	0x4
 216 0066 07       		.byte	0x7
 217 0067 D4000000 		.4byte	.LASF8
 218 006b 04       		.uleb128 0x4
 219 006c D9010000 		.4byte	.LASF9
 220 0070 02       		.byte	0x2
 221 0071 C2       		.byte	0xc2
 222 0072 2C000000 		.4byte	0x2c
 223 0076 04       		.uleb128 0x4
 224 0077 C1000000 		.4byte	.LASF10
 225 007b 02       		.byte	0x2
 226 007c C3       		.byte	0xc3
 227 007d 3A000000 		.4byte	0x3a
 228 0081 04       		.uleb128 0x4
 229 0082 CD000000 		.4byte	.LASF11
 230 0086 02       		.byte	0x2
 231 0087 C4       		.byte	0xc4
 232 0088 48000000 		.4byte	0x48
 233 008c 04       		.uleb128 0x4
 234 008d C8000000 		.4byte	.LASF12
 235 0091 02       		.byte	0x2
 236 0092 C5       		.byte	0xc5
 237 0093 25000000 		.4byte	0x25
 238 0097 02       		.uleb128 0x2
 239 0098 04       		.byte	0x4
 240 0099 04       		.byte	0x4
 241 009a 5F000000 		.4byte	.LASF13
 242 009e 02       		.uleb128 0x2
 243 009f 08       		.byte	0x8
 244 00a0 04       		.byte	0x4
 245 00a1 AE000000 		.4byte	.LASF14
 246 00a5 02       		.uleb128 0x2
 247 00a6 01       		.byte	0x1
 248 00a7 08       		.byte	0x8
ARM GAS  C:\DOCUME~1\Remixvit\LOCALS~1\Temp\ccpwPq8b.s 			page 6


 249 00a8 FE010000 		.4byte	.LASF15
 250 00ac 05       		.uleb128 0x5
 251 00ad 6B000000 		.4byte	0x6b
 252 00b1 05       		.uleb128 0x5
 253 00b2 81000000 		.4byte	0x81
 254 00b6 02       		.uleb128 0x2
 255 00b7 04       		.byte	0x4
 256 00b8 07       		.byte	0x7
 257 00b9 12010000 		.4byte	.LASF16
 258 00bd 06       		.uleb128 0x6
 259 00be 04       		.byte	0x4
 260 00bf 6B000000 		.4byte	0x6b
 261 00c3 07       		.uleb128 0x7
 262 00c4 1A000000 		.4byte	.LASF17
 263 00c8 01       		.byte	0x1
 264 00c9 16       		.byte	0x16
 265 00ca 00000000 		.4byte	.LFB33
 266 00ce 2C000000 		.4byte	.LFE33-.LFB33
 267 00d2 01       		.uleb128 0x1
 268 00d3 9C       		.byte	0x9c
 269 00d4 17010000 		.4byte	0x117
 270 00d8 08       		.uleb128 0x8
 271 00d9 73000000 		.4byte	.LASF19
 272 00dd 01       		.byte	0x1
 273 00de 17       		.byte	0x17
 274 00df 17010000 		.4byte	0x117
 275 00e3 02       		.uleb128 0x2
 276 00e4 91       		.byte	0x91
 277 00e5 74       		.sleb128 -12
 278 00e6 09       		.uleb128 0x9
 279 00e7 0E000000 		.4byte	.LVL0
 280 00eb D1010000 		.4byte	0x1d1
 281 00ef 0A       		.uleb128 0xa
 282 00f0 1C000000 		.4byte	.LVL1
 283 00f4 DC010000 		.4byte	0x1dc
 284 00f8 0D010000 		.4byte	0x10d
 285 00fc 0B       		.uleb128 0xb
 286 00fd 01       		.uleb128 0x1
 287 00fe 53       		.byte	0x53
 288 00ff 01       		.uleb128 0x1
 289 0100 30       		.byte	0x30
 290 0101 0B       		.uleb128 0xb
 291 0102 01       		.uleb128 0x1
 292 0103 52       		.byte	0x52
 293 0104 01       		.uleb128 0x1
 294 0105 31       		.byte	0x31
 295 0106 0B       		.uleb128 0xb
 296 0107 01       		.uleb128 0x1
 297 0108 51       		.byte	0x51
 298 0109 02       		.uleb128 0x2
 299 010a 74       		.byte	0x74
 300 010b 00       		.sleb128 0
 301 010c 00       		.byte	0
 302 010d 09       		.uleb128 0x9
 303 010e 20000000 		.4byte	.LVL2
 304 0112 00020000 		.4byte	0x200
 305 0116 00       		.byte	0
ARM GAS  C:\DOCUME~1\Remixvit\LOCALS~1\Temp\ccpwPq8b.s 			page 7


 306 0117 0C       		.uleb128 0xc
 307 0118 6B000000 		.4byte	0x6b
 308 011c 27010000 		.4byte	0x127
 309 0120 0D       		.uleb128 0xd
 310 0121 B6000000 		.4byte	0xb6
 311 0125 00       		.byte	0
 312 0126 00       		.byte	0
 313 0127 07       		.uleb128 0x7
 314 0128 00000000 		.4byte	.LASF18
 315 012c 01       		.byte	0x1
 316 012d 1D       		.byte	0x1d
 317 012e 00000000 		.4byte	.LFB34
 318 0132 64000000 		.4byte	.LFE34-.LFB34
 319 0136 01       		.uleb128 0x1
 320 0137 9C       		.byte	0x9c
 321 0138 84010000 		.4byte	0x184
 322 013c 08       		.uleb128 0x8
 323 013d 8D000000 		.4byte	.LASF20
 324 0141 01       		.byte	0x1
 325 0142 1E       		.byte	0x1e
 326 0143 84010000 		.4byte	0x184
 327 0147 02       		.uleb128 0x2
 328 0148 91       		.byte	0x91
 329 0149 74       		.sleb128 -12
 330 014a 09       		.uleb128 0x9
 331 014b 08000000 		.4byte	.LVL3
 332 014f D1010000 		.4byte	0x1d1
 333 0153 0A       		.uleb128 0xa
 334 0154 16000000 		.4byte	.LVL4
 335 0158 0B020000 		.4byte	0x20b
 336 015c 71010000 		.4byte	0x171
 337 0160 0B       		.uleb128 0xb
 338 0161 01       		.uleb128 0x1
 339 0162 53       		.byte	0x53
 340 0163 01       		.uleb128 0x1
 341 0164 30       		.byte	0x30
 342 0165 0B       		.uleb128 0xb
 343 0166 01       		.uleb128 0x1
 344 0167 52       		.byte	0x52
 345 0168 01       		.uleb128 0x1
 346 0169 34       		.byte	0x34
 347 016a 0B       		.uleb128 0xb
 348 016b 01       		.uleb128 0x1
 349 016c 51       		.byte	0x51
 350 016d 02       		.uleb128 0x2
 351 016e 91       		.byte	0x91
 352 016f 74       		.sleb128 -12
 353 0170 00       		.byte	0
 354 0171 09       		.uleb128 0x9
 355 0172 1A000000 		.4byte	.LVL5
 356 0176 00020000 		.4byte	0x200
 357 017a 09       		.uleb128 0x9
 358 017b 22000000 		.4byte	.LVL6
 359 017f D1010000 		.4byte	0x1d1
 360 0183 00       		.byte	0
 361 0184 0C       		.uleb128 0xc
 362 0185 6B000000 		.4byte	0x6b
ARM GAS  C:\DOCUME~1\Remixvit\LOCALS~1\Temp\ccpwPq8b.s 			page 8


 363 0189 94010000 		.4byte	0x194
 364 018d 0D       		.uleb128 0xd
 365 018e B6000000 		.4byte	0xb6
 366 0192 03       		.byte	0x3
 367 0193 00       		.byte	0
 368 0194 0E       		.uleb128 0xe
 369 0195 FD000000 		.4byte	.LASF21
 370 0199 01       		.byte	0x1
 371 019a 0E       		.byte	0xe
 372 019b A5010000 		.4byte	0x1a5
 373 019f 05       		.uleb128 0x5
 374 01a0 03       		.byte	0x3
 375 01a1 00000000 		.4byte	HDC1050_Slave_Adress
 376 01a5 0F       		.uleb128 0xf
 377 01a6 B1000000 		.4byte	0xb1
 378 01aa 0E       		.uleb128 0xe
 379 01ab 37020000 		.4byte	.LASF22
 380 01af 01       		.byte	0x1
 381 01b0 0F       		.byte	0xf
 382 01b1 BB010000 		.4byte	0x1bb
 383 01b5 05       		.uleb128 0x5
 384 01b6 03       		.byte	0x3
 385 01b7 00000000 		.4byte	Temp
 386 01bb 05       		.uleb128 0x5
 387 01bc 8C000000 		.4byte	0x8c
 388 01c0 0E       		.uleb128 0xe
 389 01c1 F8000000 		.4byte	.LASF23
 390 01c5 01       		.byte	0x1
 391 01c6 10       		.byte	0x10
 392 01c7 AC000000 		.4byte	0xac
 393 01cb 05       		.uleb128 0x5
 394 01cc 03       		.byte	0x3
 395 01cd 00000000 		.4byte	Humi
 396 01d1 10       		.uleb128 0x10
 397 01d2 93000000 		.4byte	.LASF24
 398 01d6 03       		.byte	0x3
 399 01d7 C1       		.byte	0xc1
 400 01d8 81000000 		.4byte	0x81
 401 01dc 11       		.uleb128 0x11
 402 01dd 29010000 		.4byte	.LASF29
 403 01e1 03       		.byte	0x3
 404 01e2 C4       		.byte	0xc4
 405 01e3 81000000 		.4byte	0x81
 406 01e7 00020000 		.4byte	0x200
 407 01eb 12       		.uleb128 0x12
 408 01ec 81000000 		.4byte	0x81
 409 01f0 12       		.uleb128 0x12
 410 01f1 BD000000 		.4byte	0xbd
 411 01f5 12       		.uleb128 0x12
 412 01f6 81000000 		.4byte	0x81
 413 01fa 12       		.uleb128 0x12
 414 01fb 81000000 		.4byte	0x81
 415 01ff 00       		.byte	0
 416 0200 10       		.uleb128 0x10
 417 0201 DF010000 		.4byte	.LASF25
 418 0205 03       		.byte	0x3
 419 0206 C0       		.byte	0xc0
ARM GAS  C:\DOCUME~1\Remixvit\LOCALS~1\Temp\ccpwPq8b.s 			page 9


 420 0207 81000000 		.4byte	0x81
 421 020b 13       		.uleb128 0x13
 422 020c 48000000 		.4byte	.LASF30
 423 0210 03       		.byte	0x3
 424 0211 C5       		.byte	0xc5
 425 0212 81000000 		.4byte	0x81
 426 0216 12       		.uleb128 0x12
 427 0217 81000000 		.4byte	0x81
 428 021b 12       		.uleb128 0x12
 429 021c BD000000 		.4byte	0xbd
 430 0220 12       		.uleb128 0x12
 431 0221 81000000 		.4byte	0x81
 432 0225 12       		.uleb128 0x12
 433 0226 81000000 		.4byte	0x81
 434 022a 00       		.byte	0
 435 022b 00       		.byte	0
 436              		.section	.debug_abbrev,"",%progbits
 437              	.Ldebug_abbrev0:
 438 0000 01       		.uleb128 0x1
 439 0001 11       		.uleb128 0x11
 440 0002 01       		.byte	0x1
 441 0003 25       		.uleb128 0x25
 442 0004 0E       		.uleb128 0xe
 443 0005 13       		.uleb128 0x13
 444 0006 0B       		.uleb128 0xb
 445 0007 03       		.uleb128 0x3
 446 0008 0E       		.uleb128 0xe
 447 0009 1B       		.uleb128 0x1b
 448 000a 0E       		.uleb128 0xe
 449 000b 55       		.uleb128 0x55
 450 000c 17       		.uleb128 0x17
 451 000d 11       		.uleb128 0x11
 452 000e 01       		.uleb128 0x1
 453 000f 10       		.uleb128 0x10
 454 0010 17       		.uleb128 0x17
 455 0011 00       		.byte	0
 456 0012 00       		.byte	0
 457 0013 02       		.uleb128 0x2
 458 0014 24       		.uleb128 0x24
 459 0015 00       		.byte	0
 460 0016 0B       		.uleb128 0xb
 461 0017 0B       		.uleb128 0xb
 462 0018 3E       		.uleb128 0x3e
 463 0019 0B       		.uleb128 0xb
 464 001a 03       		.uleb128 0x3
 465 001b 0E       		.uleb128 0xe
 466 001c 00       		.byte	0
 467 001d 00       		.byte	0
 468 001e 03       		.uleb128 0x3
 469 001f 24       		.uleb128 0x24
 470 0020 00       		.byte	0
 471 0021 0B       		.uleb128 0xb
 472 0022 0B       		.uleb128 0xb
 473 0023 3E       		.uleb128 0x3e
 474 0024 0B       		.uleb128 0xb
 475 0025 03       		.uleb128 0x3
 476 0026 08       		.uleb128 0x8
ARM GAS  C:\DOCUME~1\Remixvit\LOCALS~1\Temp\ccpwPq8b.s 			page 10


 477 0027 00       		.byte	0
 478 0028 00       		.byte	0
 479 0029 04       		.uleb128 0x4
 480 002a 16       		.uleb128 0x16
 481 002b 00       		.byte	0
 482 002c 03       		.uleb128 0x3
 483 002d 0E       		.uleb128 0xe
 484 002e 3A       		.uleb128 0x3a
 485 002f 0B       		.uleb128 0xb
 486 0030 3B       		.uleb128 0x3b
 487 0031 0B       		.uleb128 0xb
 488 0032 49       		.uleb128 0x49
 489 0033 13       		.uleb128 0x13
 490 0034 00       		.byte	0
 491 0035 00       		.byte	0
 492 0036 05       		.uleb128 0x5
 493 0037 35       		.uleb128 0x35
 494 0038 00       		.byte	0
 495 0039 49       		.uleb128 0x49
 496 003a 13       		.uleb128 0x13
 497 003b 00       		.byte	0
 498 003c 00       		.byte	0
 499 003d 06       		.uleb128 0x6
 500 003e 0F       		.uleb128 0xf
 501 003f 00       		.byte	0
 502 0040 0B       		.uleb128 0xb
 503 0041 0B       		.uleb128 0xb
 504 0042 49       		.uleb128 0x49
 505 0043 13       		.uleb128 0x13
 506 0044 00       		.byte	0
 507 0045 00       		.byte	0
 508 0046 07       		.uleb128 0x7
 509 0047 2E       		.uleb128 0x2e
 510 0048 01       		.byte	0x1
 511 0049 3F       		.uleb128 0x3f
 512 004a 19       		.uleb128 0x19
 513 004b 03       		.uleb128 0x3
 514 004c 0E       		.uleb128 0xe
 515 004d 3A       		.uleb128 0x3a
 516 004e 0B       		.uleb128 0xb
 517 004f 3B       		.uleb128 0x3b
 518 0050 0B       		.uleb128 0xb
 519 0051 11       		.uleb128 0x11
 520 0052 01       		.uleb128 0x1
 521 0053 12       		.uleb128 0x12
 522 0054 06       		.uleb128 0x6
 523 0055 40       		.uleb128 0x40
 524 0056 18       		.uleb128 0x18
 525 0057 9742     		.uleb128 0x2117
 526 0059 19       		.uleb128 0x19
 527 005a 01       		.uleb128 0x1
 528 005b 13       		.uleb128 0x13
 529 005c 00       		.byte	0
 530 005d 00       		.byte	0
 531 005e 08       		.uleb128 0x8
 532 005f 34       		.uleb128 0x34
 533 0060 00       		.byte	0
ARM GAS  C:\DOCUME~1\Remixvit\LOCALS~1\Temp\ccpwPq8b.s 			page 11


 534 0061 03       		.uleb128 0x3
 535 0062 0E       		.uleb128 0xe
 536 0063 3A       		.uleb128 0x3a
 537 0064 0B       		.uleb128 0xb
 538 0065 3B       		.uleb128 0x3b
 539 0066 0B       		.uleb128 0xb
 540 0067 49       		.uleb128 0x49
 541 0068 13       		.uleb128 0x13
 542 0069 02       		.uleb128 0x2
 543 006a 18       		.uleb128 0x18
 544 006b 00       		.byte	0
 545 006c 00       		.byte	0
 546 006d 09       		.uleb128 0x9
 547 006e 898201   		.uleb128 0x4109
 548 0071 00       		.byte	0
 549 0072 11       		.uleb128 0x11
 550 0073 01       		.uleb128 0x1
 551 0074 31       		.uleb128 0x31
 552 0075 13       		.uleb128 0x13
 553 0076 00       		.byte	0
 554 0077 00       		.byte	0
 555 0078 0A       		.uleb128 0xa
 556 0079 898201   		.uleb128 0x4109
 557 007c 01       		.byte	0x1
 558 007d 11       		.uleb128 0x11
 559 007e 01       		.uleb128 0x1
 560 007f 31       		.uleb128 0x31
 561 0080 13       		.uleb128 0x13
 562 0081 01       		.uleb128 0x1
 563 0082 13       		.uleb128 0x13
 564 0083 00       		.byte	0
 565 0084 00       		.byte	0
 566 0085 0B       		.uleb128 0xb
 567 0086 8A8201   		.uleb128 0x410a
 568 0089 00       		.byte	0
 569 008a 02       		.uleb128 0x2
 570 008b 18       		.uleb128 0x18
 571 008c 9142     		.uleb128 0x2111
 572 008e 18       		.uleb128 0x18
 573 008f 00       		.byte	0
 574 0090 00       		.byte	0
 575 0091 0C       		.uleb128 0xc
 576 0092 01       		.uleb128 0x1
 577 0093 01       		.byte	0x1
 578 0094 49       		.uleb128 0x49
 579 0095 13       		.uleb128 0x13
 580 0096 01       		.uleb128 0x1
 581 0097 13       		.uleb128 0x13
 582 0098 00       		.byte	0
 583 0099 00       		.byte	0
 584 009a 0D       		.uleb128 0xd
 585 009b 21       		.uleb128 0x21
 586 009c 00       		.byte	0
 587 009d 49       		.uleb128 0x49
 588 009e 13       		.uleb128 0x13
 589 009f 2F       		.uleb128 0x2f
 590 00a0 0B       		.uleb128 0xb
ARM GAS  C:\DOCUME~1\Remixvit\LOCALS~1\Temp\ccpwPq8b.s 			page 12


 591 00a1 00       		.byte	0
 592 00a2 00       		.byte	0
 593 00a3 0E       		.uleb128 0xe
 594 00a4 34       		.uleb128 0x34
 595 00a5 00       		.byte	0
 596 00a6 03       		.uleb128 0x3
 597 00a7 0E       		.uleb128 0xe
 598 00a8 3A       		.uleb128 0x3a
 599 00a9 0B       		.uleb128 0xb
 600 00aa 3B       		.uleb128 0x3b
 601 00ab 0B       		.uleb128 0xb
 602 00ac 49       		.uleb128 0x49
 603 00ad 13       		.uleb128 0x13
 604 00ae 3F       		.uleb128 0x3f
 605 00af 19       		.uleb128 0x19
 606 00b0 02       		.uleb128 0x2
 607 00b1 18       		.uleb128 0x18
 608 00b2 00       		.byte	0
 609 00b3 00       		.byte	0
 610 00b4 0F       		.uleb128 0xf
 611 00b5 26       		.uleb128 0x26
 612 00b6 00       		.byte	0
 613 00b7 49       		.uleb128 0x49
 614 00b8 13       		.uleb128 0x13
 615 00b9 00       		.byte	0
 616 00ba 00       		.byte	0
 617 00bb 10       		.uleb128 0x10
 618 00bc 2E       		.uleb128 0x2e
 619 00bd 00       		.byte	0
 620 00be 3F       		.uleb128 0x3f
 621 00bf 19       		.uleb128 0x19
 622 00c0 03       		.uleb128 0x3
 623 00c1 0E       		.uleb128 0xe
 624 00c2 3A       		.uleb128 0x3a
 625 00c3 0B       		.uleb128 0xb
 626 00c4 3B       		.uleb128 0x3b
 627 00c5 0B       		.uleb128 0xb
 628 00c6 27       		.uleb128 0x27
 629 00c7 19       		.uleb128 0x19
 630 00c8 49       		.uleb128 0x49
 631 00c9 13       		.uleb128 0x13
 632 00ca 3C       		.uleb128 0x3c
 633 00cb 19       		.uleb128 0x19
 634 00cc 00       		.byte	0
 635 00cd 00       		.byte	0
 636 00ce 11       		.uleb128 0x11
 637 00cf 2E       		.uleb128 0x2e
 638 00d0 01       		.byte	0x1
 639 00d1 3F       		.uleb128 0x3f
 640 00d2 19       		.uleb128 0x19
 641 00d3 03       		.uleb128 0x3
 642 00d4 0E       		.uleb128 0xe
 643 00d5 3A       		.uleb128 0x3a
 644 00d6 0B       		.uleb128 0xb
 645 00d7 3B       		.uleb128 0x3b
 646 00d8 0B       		.uleb128 0xb
 647 00d9 27       		.uleb128 0x27
ARM GAS  C:\DOCUME~1\Remixvit\LOCALS~1\Temp\ccpwPq8b.s 			page 13


 648 00da 19       		.uleb128 0x19
 649 00db 49       		.uleb128 0x49
 650 00dc 13       		.uleb128 0x13
 651 00dd 3C       		.uleb128 0x3c
 652 00de 19       		.uleb128 0x19
 653 00df 01       		.uleb128 0x1
 654 00e0 13       		.uleb128 0x13
 655 00e1 00       		.byte	0
 656 00e2 00       		.byte	0
 657 00e3 12       		.uleb128 0x12
 658 00e4 05       		.uleb128 0x5
 659 00e5 00       		.byte	0
 660 00e6 49       		.uleb128 0x49
 661 00e7 13       		.uleb128 0x13
 662 00e8 00       		.byte	0
 663 00e9 00       		.byte	0
 664 00ea 13       		.uleb128 0x13
 665 00eb 2E       		.uleb128 0x2e
 666 00ec 01       		.byte	0x1
 667 00ed 3F       		.uleb128 0x3f
 668 00ee 19       		.uleb128 0x19
 669 00ef 03       		.uleb128 0x3
 670 00f0 0E       		.uleb128 0xe
 671 00f1 3A       		.uleb128 0x3a
 672 00f2 0B       		.uleb128 0xb
 673 00f3 3B       		.uleb128 0x3b
 674 00f4 0B       		.uleb128 0xb
 675 00f5 27       		.uleb128 0x27
 676 00f6 19       		.uleb128 0x19
 677 00f7 49       		.uleb128 0x49
 678 00f8 13       		.uleb128 0x13
 679 00f9 3C       		.uleb128 0x3c
 680 00fa 19       		.uleb128 0x19
 681 00fb 00       		.byte	0
 682 00fc 00       		.byte	0
 683 00fd 00       		.byte	0
 684              		.section	.debug_aranges,"",%progbits
 685 0000 24000000 		.4byte	0x24
 686 0004 0200     		.2byte	0x2
 687 0006 00000000 		.4byte	.Ldebug_info0
 688 000a 04       		.byte	0x4
 689 000b 00       		.byte	0
 690 000c 0000     		.2byte	0
 691 000e 0000     		.2byte	0
 692 0010 00000000 		.4byte	.LFB33
 693 0014 2C000000 		.4byte	.LFE33-.LFB33
 694 0018 00000000 		.4byte	.LFB34
 695 001c 64000000 		.4byte	.LFE34-.LFB34
 696 0020 00000000 		.4byte	0
 697 0024 00000000 		.4byte	0
 698              		.section	.debug_ranges,"",%progbits
 699              	.Ldebug_ranges0:
 700 0000 00000000 		.4byte	.LFB33
 701 0004 2C000000 		.4byte	.LFE33
 702 0008 00000000 		.4byte	.LFB34
 703 000c 64000000 		.4byte	.LFE34
 704 0010 00000000 		.4byte	0
ARM GAS  C:\DOCUME~1\Remixvit\LOCALS~1\Temp\ccpwPq8b.s 			page 14


 705 0014 00000000 		.4byte	0
 706              		.section	.debug_line,"",%progbits
 707              	.Ldebug_line0:
 708 0000 8E000000 		.section	.debug_str,"MS",%progbits,1
 708      02005500 
 708      00000201 
 708      FB0E0D00 
 708      01010101 
 709              	.LASF18:
 710 0000 48444331 		.ascii	"HDC1050_Get_Temp_And_Humi\000"
 710      3035305F 
 710      4765745F 
 710      54656D70 
 710      5F416E64 
 711              	.LASF17:
 712 001a 48444331 		.ascii	"HDC1050_Request_Conversion\000"
 712      3035305F 
 712      52657175 
 712      6573745F 
 712      436F6E76 
 713              	.LASF3:
 714 0035 73686F72 		.ascii	"short unsigned int\000"
 714      7420756E 
 714      7369676E 
 714      65642069 
 714      6E7400
 715              	.LASF30:
 716 0048 5343425F 		.ascii	"SCB_2_I2CMasterReadBuf\000"
 716      325F4932 
 716      434D6173 
 716      74657252 
 716      65616442 
 717              	.LASF13:
 718 005f 666C6F61 		.ascii	"float\000"
 718      7400
 719              	.LASF1:
 720 0065 756E7369 		.ascii	"unsigned char\000"
 720      676E6564 
 720      20636861 
 720      7200
 721              	.LASF19:
 722 0073 52657175 		.ascii	"Request\000"
 722      65737400 
 723              	.LASF5:
 724 007b 6C6F6E67 		.ascii	"long unsigned int\000"
 724      20756E73 
 724      69676E65 
 724      6420696E 
 724      7400
 725              	.LASF20:
 726 008d 42756665 		.ascii	"Bufer\000"
 726      7200
 727              	.LASF24:
 728 0093 5343425F 		.ascii	"SCB_2_I2CMasterClearStatus\000"
 728      325F4932 
 728      434D6173 
 728      74657243 
ARM GAS  C:\DOCUME~1\Remixvit\LOCALS~1\Temp\ccpwPq8b.s 			page 15


 728      6C656172 
 729              	.LASF14:
 730 00ae 646F7562 		.ascii	"double\000"
 730      6C6500
 731              	.LASF27:
 732 00b5 2E5C4844 		.ascii	".\\HDC1050.c\000"
 732      43313035 
 732      302E6300 
 733              	.LASF10:
 734 00c1 75696E74 		.ascii	"uint16\000"
 734      313600
 735              	.LASF12:
 736 00c8 696E7438 		.ascii	"int8\000"
 736      00
 737              	.LASF11:
 738 00cd 75696E74 		.ascii	"uint32\000"
 738      333200
 739              	.LASF8:
 740 00d4 756E7369 		.ascii	"unsigned int\000"
 740      676E6564 
 740      20696E74 
 740      00
 741              	.LASF7:
 742 00e1 6C6F6E67 		.ascii	"long long unsigned int\000"
 742      206C6F6E 
 742      6720756E 
 742      7369676E 
 742      65642069 
 743              	.LASF23:
 744 00f8 48756D69 		.ascii	"Humi\000"
 744      00
 745              	.LASF21:
 746 00fd 48444331 		.ascii	"HDC1050_Slave_Adress\000"
 746      3035305F 
 746      536C6176 
 746      655F4164 
 746      72657373 
 747              	.LASF16:
 748 0112 73697A65 		.ascii	"sizetype\000"
 748      74797065 
 748      00
 749              	.LASF6:
 750 011b 6C6F6E67 		.ascii	"long long int\000"
 750      206C6F6E 
 750      6720696E 
 750      7400
 751              	.LASF29:
 752 0129 5343425F 		.ascii	"SCB_2_I2CMasterWriteBuf\000"
 752      325F4932 
 752      434D6173 
 752      74657257 
 752      72697465 
 753              	.LASF26:
 754 0141 474E5520 		.ascii	"GNU C 4.9.3 20150303 (release) [ARM/embedded-4_9-br"
 754      4320342E 
 754      392E3320 
 754      32303135 
ARM GAS  C:\DOCUME~1\Remixvit\LOCALS~1\Temp\ccpwPq8b.s 			page 16


 754      30333033 
 755 0174 616E6368 		.ascii	"anch revision 221220] -mcpu=cortex-m0 -mthumb -g -O"
 755      20726576 
 755      6973696F 
 755      6E203232 
 755      31323230 
 756 01a7 67202D66 		.ascii	"g -ffunction-sections -ffat-lto-objects\000"
 756      66756E63 
 756      74696F6E 
 756      2D736563 
 756      74696F6E 
 757              	.LASF2:
 758 01cf 73686F72 		.ascii	"short int\000"
 758      7420696E 
 758      7400
 759              	.LASF9:
 760 01d9 75696E74 		.ascii	"uint8\000"
 760      3800
 761              	.LASF25:
 762 01df 5343425F 		.ascii	"SCB_2_I2CMasterStatus\000"
 762      325F4932 
 762      434D6173 
 762      74657253 
 762      74617475 
 763              	.LASF4:
 764 01f5 6C6F6E67 		.ascii	"long int\000"
 764      20696E74 
 764      00
 765              	.LASF15:
 766 01fe 63686172 		.ascii	"char\000"
 766      00
 767              	.LASF28:
 768 0203 433A5C45 		.ascii	"C:\\EAGLE\\My\\Thermometr\\Thermometr.cydsn\000"
 768      41474C45 
 768      5C4D795C 
 768      54686572 
 768      6D6F6D65 
 769              	.LASF0:
 770 022b 7369676E 		.ascii	"signed char\000"
 770      65642063 
 770      68617200 
 771              	.LASF22:
 772 0237 54656D70 		.ascii	"Temp\000"
 772      00
 773              		.ident	"GCC: (GNU Tools for ARM Embedded Processors) 4.9.3 20150303 (release) [ARM/embedded-4_9-br
