ARM GAS  C:\DOCUME~1\Remixvit\LOCALS~1\Temp\ccCTIIJ6.s 			page 1


   1              		.cpu cortex-m0
   2              		.fpu softvfp
   3              		.eabi_attribute 20, 1
   4              		.eabi_attribute 21, 1
   5              		.eabi_attribute 23, 3
   6              		.eabi_attribute 24, 1
   7              		.eabi_attribute 25, 1
   8              		.eabi_attribute 26, 1
   9              		.eabi_attribute 30, 1
  10              		.eabi_attribute 34, 0
  11              		.eabi_attribute 18, 4
  12              		.code	16
  13              		.file	"main.c"
  14              		.text
  15              	.Ltext0:
  16              		.cfi_sections	.debug_frame
  17              		.section	.text.HDC_Put_Result,"ax",%progbits
  18              		.align	2
  19              		.global	HDC_Put_Result
  20              		.code	16
  21              		.thumb_func
  22              		.type	HDC_Put_Result, %function
  23              	HDC_Put_Result:
  24              	.LFB33:
  25              		.file 1 ".\\main.c"
   1:.\main.c      **** /* ========================================
   2:.\main.c      ****  *
   3:.\main.c      ****  * Copyright YOUR COMPANY, THE YEAR
   4:.\main.c      ****  * All Rights Reserved
   5:.\main.c      ****  * UNPUBLISHED, LICENSED SOFTWARE.
   6:.\main.c      ****  *
   7:.\main.c      ****  * CONFIDENTIAL AND PROPRIETARY INFORMATION
   8:.\main.c      ****  * WHICH IS THE PROPERTY OF your company.
   9:.\main.c      ****  *
  10:.\main.c      ****  * ========================================
  11:.\main.c      **** */
  12:.\main.c      **** #include <project.h>
  13:.\main.c      **** #include <7Seg.h>
  14:.\main.c      **** #include <SysClock.h>
  15:.\main.c      **** 
  16:.\main.c      **** #define Timer_Display_Scroll 0
  17:.\main.c      **** #define Timer_Sensor_Request 1
  18:.\main.c      **** #define Timer_Sensor_Get_Temp 2
  19:.\main.c      **** #define Timer_Display_Print 3
  20:.\main.c      **** 
  21:.\main.c      **** extern void HDC1050_Get_Temp_And_Humi();
  22:.\main.c      **** extern void HDC1050_Request_Conversion();
  23:.\main.c      **** extern volatile uint8 VideoMemory[Video_Memory_Size];
  24:.\main.c      **** volatile uint8 ActionFlag = 0;
  25:.\main.c      **** volatile uint8 Simofor = 0;
  26:.\main.c      **** volatile uint8 Counter = 0;
  27:.\main.c      **** volatile uint8 Video_Pointer = 0;
  28:.\main.c      **** 
  29:.\main.c      **** void HDC_Put_Result();
  30:.\main.c      **** void HDC_Start_Convert();
  31:.\main.c      **** void Display_Print();
  32:.\main.c      **** 
ARM GAS  C:\DOCUME~1\Remixvit\LOCALS~1\Temp\ccCTIIJ6.s 			page 2


  33:.\main.c      **** 
  34:.\main.c      **** void HDC_Put_Result()
  35:.\main.c      **** {
  26              		.loc 1 35 0
  27              		.cfi_startproc
  28 0000 08B5     		push	{r3, lr}
  29              		.cfi_def_cfa_offset 8
  30              		.cfi_offset 3, -8
  31              		.cfi_offset 14, -4
  36:.\main.c      **** 	HDC1050_Get_Temp_And_Humi();
  32              		.loc 1 36 0
  33 0002 FFF7FEFF 		bl	HDC1050_Get_Temp_And_Humi
  34              	.LVL0:
  37:.\main.c      ****     Display_Set_Video_Memory();
  35              		.loc 1 37 0
  36 0006 FFF7FEFF 		bl	Display_Set_Video_Memory
  37              	.LVL1:
  38:.\main.c      ****     System_Timer_Add(Timer_Sensor_Request, Second);
  38              		.loc 1 38 0
  39 000a 0120     		mov	r0, #1
  40 000c 0149     		ldr	r1, .L2
  41 000e FFF7FEFF 		bl	System_Timer_Add
  42              	.LVL2:
  39:.\main.c      **** }
  43              		.loc 1 39 0
  44              		@ sp needed
  45 0012 08BD     		pop	{r3, pc}
  46              	.L3:
  47              		.align	2
  48              	.L2:
  49 0014 510F0000 		.word	3921
  50              		.cfi_endproc
  51              	.LFE33:
  52              		.size	HDC_Put_Result, .-HDC_Put_Result
  53              		.section	.text.HDC_Start_Convert,"ax",%progbits
  54              		.align	2
  55              		.global	HDC_Start_Convert
  56              		.code	16
  57              		.thumb_func
  58              		.type	HDC_Start_Convert, %function
  59              	HDC_Start_Convert:
  60              	.LFB34:
  40:.\main.c      **** 
  41:.\main.c      **** void HDC_Start_Convert()
  42:.\main.c      **** {
  61              		.loc 1 42 0
  62              		.cfi_startproc
  63 0000 08B5     		push	{r3, lr}
  64              		.cfi_def_cfa_offset 8
  65              		.cfi_offset 3, -8
  66              		.cfi_offset 14, -4
  43:.\main.c      **** 	HDC1050_Request_Conversion();
  67              		.loc 1 43 0
  68 0002 FFF7FEFF 		bl	HDC1050_Request_Conversion
  69              	.LVL3:
  44:.\main.c      **** 	System_Timer_Add(Timer_Sensor_Get_Temp, Second);
  70              		.loc 1 44 0
ARM GAS  C:\DOCUME~1\Remixvit\LOCALS~1\Temp\ccCTIIJ6.s 			page 3


  71 0006 0220     		mov	r0, #2
  72 0008 0149     		ldr	r1, .L5
  73 000a FFF7FEFF 		bl	System_Timer_Add
  74              	.LVL4:
  45:.\main.c      **** }
  75              		.loc 1 45 0
  76              		@ sp needed
  77 000e 08BD     		pop	{r3, pc}
  78              	.L6:
  79              		.align	2
  80              	.L5:
  81 0010 510F0000 		.word	3921
  82              		.cfi_endproc
  83              	.LFE34:
  84              		.size	HDC_Start_Convert, .-HDC_Start_Convert
  85              		.section	.text.Display_Print,"ax",%progbits
  86              		.align	2
  87              		.global	Display_Print
  88              		.code	16
  89              		.thumb_func
  90              		.type	Display_Print, %function
  91              	Display_Print:
  92              	.LFB35:
  46:.\main.c      **** 
  47:.\main.c      **** void Display_Print()
  48:.\main.c      **** {
  93              		.loc 1 48 0
  94              		.cfi_startproc
  95 0000 08B5     		push	{r3, lr}
  96              		.cfi_def_cfa_offset 8
  97              		.cfi_offset 3, -8
  98              		.cfi_offset 14, -4
  49:.\main.c      ****     if(VideoMemory[Video_Pointer] == Symbol_Stop)
  99              		.loc 1 49 0
 100 0002 084B     		ldr	r3, .L9
 101 0004 1B78     		ldrb	r3, [r3]
 102 0006 DBB2     		uxtb	r3, r3
 103 0008 074A     		ldr	r2, .L9+4
 104 000a D35C     		ldrb	r3, [r2, r3]
 105 000c 112B     		cmp	r3, #17
 106 000e 02D1     		bne	.L8
  50:.\main.c      ****     {
  51:.\main.c      ****         Video_Pointer = 0;
 107              		.loc 1 51 0
 108 0010 0022     		mov	r2, #0
 109 0012 044B     		ldr	r3, .L9
 110 0014 1A70     		strb	r2, [r3]
 111              	.L8:
  52:.\main.c      ****     }
  53:.\main.c      **** 	Display_Scroll_Video_Memory(Video_Pointer);
 112              		.loc 1 53 0
 113 0016 034B     		ldr	r3, .L9
 114 0018 1878     		ldrb	r0, [r3]
 115 001a C0B2     		uxtb	r0, r0
 116 001c FFF7FEFF 		bl	Display_Scroll_Video_Memory
 117              	.LVL5:
  54:.\main.c      **** }
ARM GAS  C:\DOCUME~1\Remixvit\LOCALS~1\Temp\ccCTIIJ6.s 			page 4


 118              		.loc 1 54 0
 119              		@ sp needed
 120 0020 08BD     		pop	{r3, pc}
 121              	.L10:
 122 0022 C046     		.align	2
 123              	.L9:
 124 0024 00000000 		.word	.LANCHOR0
 125 0028 00000000 		.word	VideoMemory
 126              		.cfi_endproc
 127              	.LFE35:
 128              		.size	Display_Print, .-Display_Print
 129              		.section	.text.main,"ax",%progbits
 130              		.align	2
 131              		.global	main
 132              		.code	16
 133              		.thumb_func
 134              		.type	main, %function
 135              	main:
 136              	.LFB36:
  55:.\main.c      **** 
  56:.\main.c      **** 
  57:.\main.c      **** int main()
  58:.\main.c      **** {
 137              		.loc 1 58 0
 138              		.cfi_startproc
 139 0000 10B5     		push	{r4, lr}
 140              		.cfi_def_cfa_offset 8
 141              		.cfi_offset 4, -8
 142              		.cfi_offset 14, -4
  59:.\main.c      ****     CyGlobalIntEnable; /* Enable global interrupts. */
 143              		.loc 1 59 0
 144              	@ 59 ".\main.c" 1
 145 0002 62B6     		CPSIE   i
 146              	@ 0 "" 2
  60:.\main.c      ****     System_Timer_Start();
 147              		.loc 1 60 0
 148              		.code	16
 149 0004 FFF7FEFF 		bl	System_Timer_Start
 150              	.LVL6:
  61:.\main.c      ****     SCB_2_Start();
 151              		.loc 1 61 0
 152 0008 FFF7FEFF 		bl	SCB_2_Start
 153              	.LVL7:
  62:.\main.c      ****     HDC1050_Request_Conversion();
 154              		.loc 1 62 0
 155 000c FFF7FEFF 		bl	HDC1050_Request_Conversion
 156              	.LVL8:
  63:.\main.c      ****     CyDelay(100);
 157              		.loc 1 63 0
 158 0010 6420     		mov	r0, #100
 159 0012 FFF7FEFF 		bl	CyDelay
 160              	.LVL9:
  64:.\main.c      ****     HDC1050_Get_Temp_And_Humi();
 161              		.loc 1 64 0
 162 0016 FFF7FEFF 		bl	HDC1050_Get_Temp_And_Humi
 163              	.LVL10:
  65:.\main.c      ****     Init_Video_Memory();
ARM GAS  C:\DOCUME~1\Remixvit\LOCALS~1\Temp\ccCTIIJ6.s 			page 5


 164              		.loc 1 65 0
 165 001a FFF7FEFF 		bl	Init_Video_Memory
 166              	.LVL11:
  66:.\main.c      ****     Display_Set_Video_Memory();
 167              		.loc 1 66 0
 168 001e FFF7FEFF 		bl	Display_Set_Video_Memory
 169              	.LVL12:
  67:.\main.c      ****     LED_SEG_PWM_Start();
 170              		.loc 1 67 0
 171 0022 FFF7FEFF 		bl	LED_SEG_PWM_Start
 172              	.LVL13:
  68:.\main.c      ****     LED_SEG_PWM_WriteCompare2(225);
 173              		.loc 1 68 0
 174 0026 E120     		mov	r0, #225
 175 0028 FFF7FEFF 		bl	LED_SEG_PWM_WriteCompare2
 176              	.LVL14:
  69:.\main.c      ****     SCB_1_Start();
 177              		.loc 1 69 0
 178 002c FFF7FEFF 		bl	SCB_1_Start
 179              	.LVL15:
  70:.\main.c      **** 	System_Timer_Add(Timer_Display_Scroll, Second);
 180              		.loc 1 70 0
 181 0030 204C     		ldr	r4, .L17
 182 0032 0020     		mov	r0, #0
 183 0034 211C     		mov	r1, r4
 184 0036 FFF7FEFF 		bl	System_Timer_Add
 185              	.LVL16:
  71:.\main.c      **** 	HDC_Start_Convert();
 186              		.loc 1 71 0
 187 003a FFF7FEFF 		bl	HDC_Start_Convert
 188              	.LVL17:
  72:.\main.c      ****     System_Timer_Add(Timer_Display_Print, 1);
 189              		.loc 1 72 0
 190 003e 0320     		mov	r0, #3
 191 0040 0121     		mov	r1, #1
 192 0042 FFF7FEFF 		bl	System_Timer_Add
 193              	.LVL18:
  73:.\main.c      **** 	System_Timer_Add(Timer_Display_Scroll, Second);
 194              		.loc 1 73 0
 195 0046 0020     		mov	r0, #0
 196 0048 211C     		mov	r1, r4
 197 004a FFF7FEFF 		bl	System_Timer_Add
 198              	.LVL19:
  74:.\main.c      **** 	HDC_Start_Convert();
 199              		.loc 1 74 0
 200 004e FFF7FEFF 		bl	HDC_Start_Convert
 201              	.LVL20:
 202              	.L15:
  75:.\main.c      ****     for(;;)
  76:.\main.c      ****     {
  77:.\main.c      ****         if(System_Timer_Flag[Timer_Display_Scroll].Flag == 1)
 203              		.loc 1 77 0
 204 0052 194B     		ldr	r3, .L17+4
 205 0054 1B78     		ldrb	r3, [r3]
 206 0056 012B     		cmp	r3, #1
 207 0058 0BD1     		bne	.L12
  78:.\main.c      ****         {
ARM GAS  C:\DOCUME~1\Remixvit\LOCALS~1\Temp\ccCTIIJ6.s 			page 6


  79:.\main.c      ****             System_Timer_Flag[Timer_Display_Scroll].Flag = 0;
 208              		.loc 1 79 0
 209 005a 0022     		mov	r2, #0
 210 005c 164B     		ldr	r3, .L17+4
 211 005e 1A70     		strb	r2, [r3]
  80:.\main.c      **** 			Video_Pointer++;
 212              		.loc 1 80 0
 213 0060 164A     		ldr	r2, .L17+8
 214 0062 1378     		ldrb	r3, [r2]
 215 0064 0133     		add	r3, r3, #1
 216 0066 DBB2     		uxtb	r3, r3
 217 0068 1370     		strb	r3, [r2]
  81:.\main.c      ****             System_Timer_Add(Timer_Display_Scroll, Second);
 218              		.loc 1 81 0
 219 006a 0020     		mov	r0, #0
 220 006c 1149     		ldr	r1, .L17
 221 006e FFF7FEFF 		bl	System_Timer_Add
 222              	.LVL21:
 223              	.L12:
  82:.\main.c      ****         }
  83:.\main.c      ****         
  84:.\main.c      ****         if(System_Timer_Flag[Timer_Sensor_Request].Flag == 1)
 224              		.loc 1 84 0
 225 0072 114B     		ldr	r3, .L17+4
 226 0074 5B78     		ldrb	r3, [r3, #1]
 227 0076 012B     		cmp	r3, #1
 228 0078 04D1     		bne	.L13
  85:.\main.c      ****         {
  86:.\main.c      ****             System_Timer_Flag[Timer_Sensor_Request].Flag = 0;
 229              		.loc 1 86 0
 230 007a 0022     		mov	r2, #0
 231 007c 0E4B     		ldr	r3, .L17+4
 232 007e 5A70     		strb	r2, [r3, #1]
  87:.\main.c      ****             HDC_Start_Convert();
 233              		.loc 1 87 0
 234 0080 FFF7FEFF 		bl	HDC_Start_Convert
 235              	.LVL22:
 236              	.L13:
  88:.\main.c      ****         }
  89:.\main.c      ****         
  90:.\main.c      ****         if(System_Timer_Flag[Timer_Sensor_Get_Temp].Flag == 1)
 237              		.loc 1 90 0
 238 0084 0C4B     		ldr	r3, .L17+4
 239 0086 9B78     		ldrb	r3, [r3, #2]
 240 0088 012B     		cmp	r3, #1
 241 008a 04D1     		bne	.L14
  91:.\main.c      ****         {
  92:.\main.c      ****             System_Timer_Flag[Timer_Sensor_Get_Temp].Flag = 0;
 242              		.loc 1 92 0
 243 008c 0022     		mov	r2, #0
 244 008e 0A4B     		ldr	r3, .L17+4
 245 0090 9A70     		strb	r2, [r3, #2]
  93:.\main.c      ****             HDC_Put_Result();
 246              		.loc 1 93 0
 247 0092 FFF7FEFF 		bl	HDC_Put_Result
 248              	.LVL23:
 249              	.L14:
ARM GAS  C:\DOCUME~1\Remixvit\LOCALS~1\Temp\ccCTIIJ6.s 			page 7


  94:.\main.c      ****         }
  95:.\main.c      ****         
  96:.\main.c      **** 		if(System_Timer_Flag[Timer_Display_Print].Flag == 1)
 250              		.loc 1 96 0
 251 0096 084B     		ldr	r3, .L17+4
 252 0098 DB78     		ldrb	r3, [r3, #3]
 253 009a 012B     		cmp	r3, #1
 254 009c D9D1     		bne	.L15
  97:.\main.c      ****         {
  98:.\main.c      ****             System_Timer_Flag[Timer_Display_Print].Flag = 0;
 255              		.loc 1 98 0
 256 009e 0022     		mov	r2, #0
 257 00a0 054B     		ldr	r3, .L17+4
 258 00a2 DA70     		strb	r2, [r3, #3]
  99:.\main.c      **** 			Display_Print();
 259              		.loc 1 99 0
 260 00a4 FFF7FEFF 		bl	Display_Print
 261              	.LVL24:
 100:.\main.c      ****             System_Timer_Add(Timer_Display_Print, 1);
 262              		.loc 1 100 0
 263 00a8 0320     		mov	r0, #3
 264 00aa 0121     		mov	r1, #1
 265 00ac FFF7FEFF 		bl	System_Timer_Add
 266              	.LVL25:
 267 00b0 CFE7     		b	.L15
 268              	.L18:
 269 00b2 C046     		.align	2
 270              	.L17:
 271 00b4 510F0000 		.word	3921
 272 00b8 00000000 		.word	System_Timer_Flag
 273 00bc 00000000 		.word	.LANCHOR0
 274              		.cfi_endproc
 275              	.LFE36:
 276              		.size	main, .-main
 277              		.global	Video_Pointer
 278              		.global	Counter
 279              		.global	Simofor
 280              		.global	ActionFlag
 281              		.comm	System_Timer,40,4
 282              		.comm	System_Timer_Flag,5,4
 283              		.bss
 284              		.set	.LANCHOR0,. + 0
 285              		.type	Video_Pointer, %object
 286              		.size	Video_Pointer, 1
 287              	Video_Pointer:
 288 0000 00       		.space	1
 289              		.type	Counter, %object
 290              		.size	Counter, 1
 291              	Counter:
 292 0001 00       		.space	1
 293              		.type	Simofor, %object
 294              		.size	Simofor, 1
 295              	Simofor:
 296 0002 00       		.space	1
 297              		.type	ActionFlag, %object
 298              		.size	ActionFlag, 1
 299              	ActionFlag:
ARM GAS  C:\DOCUME~1\Remixvit\LOCALS~1\Temp\ccCTIIJ6.s 			page 8


 300 0003 00       		.space	1
 301              		.text
 302              	.Letext0:
 303              		.file 2 "Generated_Source\\PSoC4/cytypes.h"
 304              		.file 3 "./SysClock.h"
 305              		.file 4 "./7Seg.h"
 306              		.file 5 "Generated_Source\\PSoC4/SCB_2.h"
 307              		.file 6 "Generated_Source\\PSoC4/CyLib.h"
 308              		.file 7 "Generated_Source\\PSoC4/LED_SEG_PWM.h"
 309              		.file 8 "Generated_Source\\PSoC4/SCB_1.h"
 310              		.section	.debug_info,"",%progbits
 311              	.Ldebug_info0:
 312 0000 E3030000 		.4byte	0x3e3
 313 0004 0400     		.2byte	0x4
 314 0006 00000000 		.4byte	.Ldebug_abbrev0
 315 000a 04       		.byte	0x4
 316 000b 01       		.uleb128 0x1
 317 000c C1010000 		.4byte	.LASF40
 318 0010 01       		.byte	0x1
 319 0011 3A010000 		.4byte	.LASF41
 320 0015 8F020000 		.4byte	.LASF42
 321 0019 00000000 		.4byte	.Ldebug_ranges0+0
 322 001d 00000000 		.4byte	0
 323 0021 00000000 		.4byte	.Ldebug_line0
 324 0025 02       		.uleb128 0x2
 325 0026 01       		.byte	0x1
 326 0027 06       		.byte	0x6
 327 0028 B7020000 		.4byte	.LASF0
 328 002c 02       		.uleb128 0x2
 329 002d 01       		.byte	0x1
 330 002e 08       		.byte	0x8
 331 002f 25010000 		.4byte	.LASF1
 332 0033 02       		.uleb128 0x2
 333 0034 02       		.byte	0x2
 334 0035 05       		.byte	0x5
 335 0036 4F020000 		.4byte	.LASF2
 336 003a 02       		.uleb128 0x2
 337 003b 02       		.byte	0x2
 338 003c 07       		.byte	0x7
 339 003d 6A000000 		.4byte	.LASF3
 340 0041 02       		.uleb128 0x2
 341 0042 04       		.byte	0x4
 342 0043 05       		.byte	0x5
 343 0044 86020000 		.4byte	.LASF4
 344 0048 02       		.uleb128 0x2
 345 0049 04       		.byte	0x4
 346 004a 07       		.byte	0x7
 347 004b C5000000 		.4byte	.LASF5
 348 004f 02       		.uleb128 0x2
 349 0050 08       		.byte	0x8
 350 0051 05       		.byte	0x5
 351 0052 A9010000 		.4byte	.LASF6
 352 0056 02       		.uleb128 0x2
 353 0057 08       		.byte	0x8
 354 0058 07       		.byte	0x7
 355 0059 81010000 		.4byte	.LASF7
 356 005d 03       		.uleb128 0x3
ARM GAS  C:\DOCUME~1\Remixvit\LOCALS~1\Temp\ccCTIIJ6.s 			page 9


 357 005e 04       		.byte	0x4
 358 005f 05       		.byte	0x5
 359 0060 696E7400 		.ascii	"int\000"
 360 0064 02       		.uleb128 0x2
 361 0065 04       		.byte	0x4
 362 0066 07       		.byte	0x7
 363 0067 89000000 		.4byte	.LASF8
 364 006b 04       		.uleb128 0x4
 365 006c F0000000 		.4byte	.LASF9
 366 0070 02       		.byte	0x2
 367 0071 C2       		.byte	0xc2
 368 0072 2C000000 		.4byte	0x2c
 369 0076 04       		.uleb128 0x4
 370 0077 4B010000 		.4byte	.LASF10
 371 007b 02       		.byte	0x2
 372 007c C4       		.byte	0xc4
 373 007d 48000000 		.4byte	0x48
 374 0081 02       		.uleb128 0x2
 375 0082 04       		.byte	0x4
 376 0083 04       		.byte	0x4
 377 0084 96000000 		.4byte	.LASF11
 378 0088 02       		.uleb128 0x2
 379 0089 08       		.byte	0x8
 380 008a 04       		.byte	0x4
 381 008b 33010000 		.4byte	.LASF12
 382 008f 02       		.uleb128 0x2
 383 0090 01       		.byte	0x1
 384 0091 08       		.byte	0x8
 385 0092 BC010000 		.4byte	.LASF13
 386 0096 05       		.uleb128 0x5
 387 0097 6B000000 		.4byte	0x6b
 388 009b 05       		.uleb128 0x5
 389 009c 76000000 		.4byte	0x76
 390 00a0 02       		.uleb128 0x2
 391 00a1 04       		.byte	0x4
 392 00a2 07       		.byte	0x7
 393 00a3 98010000 		.4byte	.LASF14
 394 00a7 06       		.uleb128 0x6
 395 00a8 08       		.byte	0x8
 396 00a9 03       		.byte	0x3
 397 00aa 1C       		.byte	0x1c
 398 00ab C8000000 		.4byte	0xc8
 399 00af 07       		.uleb128 0x7
 400 00b0 7A010000 		.4byte	.LASF15
 401 00b4 03       		.byte	0x3
 402 00b5 1E       		.byte	0x1e
 403 00b6 96000000 		.4byte	0x96
 404 00ba 00       		.byte	0
 405 00bb 07       		.uleb128 0x7
 406 00bc EB020000 		.4byte	.LASF16
 407 00c0 03       		.byte	0x3
 408 00c1 1F       		.byte	0x1f
 409 00c2 9B000000 		.4byte	0x9b
 410 00c6 04       		.byte	0x4
 411 00c7 00       		.byte	0
 412 00c8 08       		.uleb128 0x8
 413 00c9 A7000000 		.4byte	0xa7
ARM GAS  C:\DOCUME~1\Remixvit\LOCALS~1\Temp\ccCTIIJ6.s 			page 10


 414 00cd D8000000 		.4byte	0xd8
 415 00d1 09       		.uleb128 0x9
 416 00d2 A0000000 		.4byte	0xa0
 417 00d6 04       		.byte	0x4
 418 00d7 00       		.byte	0
 419 00d8 06       		.uleb128 0x6
 420 00d9 01       		.byte	0x1
 421 00da 03       		.byte	0x3
 422 00db 21       		.byte	0x21
 423 00dc ED000000 		.4byte	0xed
 424 00e0 07       		.uleb128 0x7
 425 00e1 B7010000 		.4byte	.LASF17
 426 00e5 03       		.byte	0x3
 427 00e6 23       		.byte	0x23
 428 00e7 6B000000 		.4byte	0x6b
 429 00eb 00       		.byte	0
 430 00ec 00       		.byte	0
 431 00ed 08       		.uleb128 0x8
 432 00ee D8000000 		.4byte	0xd8
 433 00f2 FD000000 		.4byte	0xfd
 434 00f6 09       		.uleb128 0x9
 435 00f7 A0000000 		.4byte	0xa0
 436 00fb 04       		.byte	0x4
 437 00fc 00       		.byte	0
 438 00fd 0A       		.uleb128 0xa
 439 00fe 41000000 		.4byte	.LASF18
 440 0102 01       		.byte	0x1
 441 0103 22       		.byte	0x22
 442 0104 00000000 		.4byte	.LFB33
 443 0108 18000000 		.4byte	.LFE33-.LFB33
 444 010c 01       		.uleb128 0x1
 445 010d 9C       		.byte	0x9c
 446 010e 3B010000 		.4byte	0x13b
 447 0112 0B       		.uleb128 0xb
 448 0113 06000000 		.4byte	.LVL0
 449 0117 4D030000 		.4byte	0x34d
 450 011b 0B       		.uleb128 0xb
 451 011c 0A000000 		.4byte	.LVL1
 452 0120 5A030000 		.4byte	0x35a
 453 0124 0C       		.uleb128 0xc
 454 0125 12000000 		.4byte	.LVL2
 455 0129 61030000 		.4byte	0x361
 456 012d 0D       		.uleb128 0xd
 457 012e 01       		.uleb128 0x1
 458 012f 51       		.byte	0x51
 459 0130 03       		.uleb128 0x3
 460 0131 0A       		.byte	0xa
 461 0132 510F     		.2byte	0xf51
 462 0134 0D       		.uleb128 0xd
 463 0135 01       		.uleb128 0x1
 464 0136 50       		.byte	0x50
 465 0137 01       		.uleb128 0x1
 466 0138 31       		.byte	0x31
 467 0139 00       		.byte	0
 468 013a 00       		.byte	0
 469 013b 0A       		.uleb128 0xa
 470 013c D9020000 		.4byte	.LASF19
ARM GAS  C:\DOCUME~1\Remixvit\LOCALS~1\Temp\ccCTIIJ6.s 			page 11


 471 0140 01       		.byte	0x1
 472 0141 29       		.byte	0x29
 473 0142 00000000 		.4byte	.LFB34
 474 0146 14000000 		.4byte	.LFE34-.LFB34
 475 014a 01       		.uleb128 0x1
 476 014b 9C       		.byte	0x9c
 477 014c 70010000 		.4byte	0x170
 478 0150 0B       		.uleb128 0xb
 479 0151 06000000 		.4byte	.LVL3
 480 0155 77030000 		.4byte	0x377
 481 0159 0C       		.uleb128 0xc
 482 015a 0E000000 		.4byte	.LVL4
 483 015e 61030000 		.4byte	0x361
 484 0162 0D       		.uleb128 0xd
 485 0163 01       		.uleb128 0x1
 486 0164 51       		.byte	0x51
 487 0165 03       		.uleb128 0x3
 488 0166 0A       		.byte	0xa
 489 0167 510F     		.2byte	0xf51
 490 0169 0D       		.uleb128 0xd
 491 016a 01       		.uleb128 0x1
 492 016b 50       		.byte	0x50
 493 016c 01       		.uleb128 0x1
 494 016d 32       		.byte	0x32
 495 016e 00       		.byte	0
 496 016f 00       		.byte	0
 497 0170 0A       		.uleb128 0xa
 498 0171 C3020000 		.4byte	.LASF20
 499 0175 01       		.byte	0x1
 500 0176 2F       		.byte	0x2f
 501 0177 00000000 		.4byte	.LFB35
 502 017b 2C000000 		.4byte	.LFE35-.LFB35
 503 017f 01       		.uleb128 0x1
 504 0180 9C       		.byte	0x9c
 505 0181 8F010000 		.4byte	0x18f
 506 0185 0B       		.uleb128 0xb
 507 0186 20000000 		.4byte	.LVL5
 508 018a 84030000 		.4byte	0x384
 509 018e 00       		.byte	0
 510 018f 0E       		.uleb128 0xe
 511 0190 52010000 		.4byte	.LASF43
 512 0194 01       		.byte	0x1
 513 0195 39       		.byte	0x39
 514 0196 5D000000 		.4byte	0x5d
 515 019a 00000000 		.4byte	.LFB36
 516 019e C0000000 		.4byte	.LFE36-.LFB36
 517 01a2 01       		.uleb128 0x1
 518 01a3 9C       		.byte	0x9c
 519 01a4 BD020000 		.4byte	0x2bd
 520 01a8 0B       		.uleb128 0xb
 521 01a9 08000000 		.4byte	.LVL6
 522 01ad 95030000 		.4byte	0x395
 523 01b1 0B       		.uleb128 0xb
 524 01b2 0C000000 		.4byte	.LVL7
 525 01b6 A2030000 		.4byte	0x3a2
 526 01ba 0B       		.uleb128 0xb
 527 01bb 10000000 		.4byte	.LVL8
ARM GAS  C:\DOCUME~1\Remixvit\LOCALS~1\Temp\ccCTIIJ6.s 			page 12


 528 01bf 77030000 		.4byte	0x377
 529 01c3 0F       		.uleb128 0xf
 530 01c4 16000000 		.4byte	.LVL9
 531 01c8 A9030000 		.4byte	0x3a9
 532 01cc D7010000 		.4byte	0x1d7
 533 01d0 0D       		.uleb128 0xd
 534 01d1 01       		.uleb128 0x1
 535 01d2 50       		.byte	0x50
 536 01d3 02       		.uleb128 0x2
 537 01d4 08       		.byte	0x8
 538 01d5 64       		.byte	0x64
 539 01d6 00       		.byte	0
 540 01d7 0B       		.uleb128 0xb
 541 01d8 1A000000 		.4byte	.LVL10
 542 01dc 4D030000 		.4byte	0x34d
 543 01e0 0B       		.uleb128 0xb
 544 01e1 1E000000 		.4byte	.LVL11
 545 01e5 BA030000 		.4byte	0x3ba
 546 01e9 0B       		.uleb128 0xb
 547 01ea 22000000 		.4byte	.LVL12
 548 01ee 5A030000 		.4byte	0x35a
 549 01f2 0B       		.uleb128 0xb
 550 01f3 26000000 		.4byte	.LVL13
 551 01f7 C7030000 		.4byte	0x3c7
 552 01fb 0F       		.uleb128 0xf
 553 01fc 2C000000 		.4byte	.LVL14
 554 0200 CE030000 		.4byte	0x3ce
 555 0204 0F020000 		.4byte	0x20f
 556 0208 0D       		.uleb128 0xd
 557 0209 01       		.uleb128 0x1
 558 020a 50       		.byte	0x50
 559 020b 02       		.uleb128 0x2
 560 020c 09       		.byte	0x9
 561 020d E1       		.byte	0xe1
 562 020e 00       		.byte	0
 563 020f 0B       		.uleb128 0xb
 564 0210 30000000 		.4byte	.LVL15
 565 0214 DF030000 		.4byte	0x3df
 566 0218 0F       		.uleb128 0xf
 567 0219 3A000000 		.4byte	.LVL16
 568 021d 61030000 		.4byte	0x361
 569 0221 31020000 		.4byte	0x231
 570 0225 0D       		.uleb128 0xd
 571 0226 01       		.uleb128 0x1
 572 0227 51       		.byte	0x51
 573 0228 02       		.uleb128 0x2
 574 0229 74       		.byte	0x74
 575 022a 00       		.sleb128 0
 576 022b 0D       		.uleb128 0xd
 577 022c 01       		.uleb128 0x1
 578 022d 50       		.byte	0x50
 579 022e 01       		.uleb128 0x1
 580 022f 30       		.byte	0x30
 581 0230 00       		.byte	0
 582 0231 0B       		.uleb128 0xb
 583 0232 3E000000 		.4byte	.LVL17
 584 0236 3B010000 		.4byte	0x13b
ARM GAS  C:\DOCUME~1\Remixvit\LOCALS~1\Temp\ccCTIIJ6.s 			page 13


 585 023a 0F       		.uleb128 0xf
 586 023b 46000000 		.4byte	.LVL18
 587 023f 61030000 		.4byte	0x361
 588 0243 52020000 		.4byte	0x252
 589 0247 0D       		.uleb128 0xd
 590 0248 01       		.uleb128 0x1
 591 0249 51       		.byte	0x51
 592 024a 01       		.uleb128 0x1
 593 024b 31       		.byte	0x31
 594 024c 0D       		.uleb128 0xd
 595 024d 01       		.uleb128 0x1
 596 024e 50       		.byte	0x50
 597 024f 01       		.uleb128 0x1
 598 0250 33       		.byte	0x33
 599 0251 00       		.byte	0
 600 0252 0F       		.uleb128 0xf
 601 0253 4E000000 		.4byte	.LVL19
 602 0257 61030000 		.4byte	0x361
 603 025b 6B020000 		.4byte	0x26b
 604 025f 0D       		.uleb128 0xd
 605 0260 01       		.uleb128 0x1
 606 0261 51       		.byte	0x51
 607 0262 02       		.uleb128 0x2
 608 0263 74       		.byte	0x74
 609 0264 00       		.sleb128 0
 610 0265 0D       		.uleb128 0xd
 611 0266 01       		.uleb128 0x1
 612 0267 50       		.byte	0x50
 613 0268 01       		.uleb128 0x1
 614 0269 30       		.byte	0x30
 615 026a 00       		.byte	0
 616 026b 0B       		.uleb128 0xb
 617 026c 52000000 		.4byte	.LVL20
 618 0270 3B010000 		.4byte	0x13b
 619 0274 0F       		.uleb128 0xf
 620 0275 72000000 		.4byte	.LVL21
 621 0279 61030000 		.4byte	0x361
 622 027d 8D020000 		.4byte	0x28d
 623 0281 0D       		.uleb128 0xd
 624 0282 01       		.uleb128 0x1
 625 0283 51       		.byte	0x51
 626 0284 02       		.uleb128 0x2
 627 0285 74       		.byte	0x74
 628 0286 00       		.sleb128 0
 629 0287 0D       		.uleb128 0xd
 630 0288 01       		.uleb128 0x1
 631 0289 50       		.byte	0x50
 632 028a 01       		.uleb128 0x1
 633 028b 30       		.byte	0x30
 634 028c 00       		.byte	0
 635 028d 0B       		.uleb128 0xb
 636 028e 84000000 		.4byte	.LVL22
 637 0292 3B010000 		.4byte	0x13b
 638 0296 0B       		.uleb128 0xb
 639 0297 96000000 		.4byte	.LVL23
 640 029b FD000000 		.4byte	0xfd
 641 029f 0B       		.uleb128 0xb
ARM GAS  C:\DOCUME~1\Remixvit\LOCALS~1\Temp\ccCTIIJ6.s 			page 14


 642 02a0 A8000000 		.4byte	.LVL24
 643 02a4 70010000 		.4byte	0x170
 644 02a8 0C       		.uleb128 0xc
 645 02a9 B0000000 		.4byte	.LVL25
 646 02ad 61030000 		.4byte	0x361
 647 02b1 0D       		.uleb128 0xd
 648 02b2 01       		.uleb128 0x1
 649 02b3 51       		.byte	0x51
 650 02b4 01       		.uleb128 0x1
 651 02b5 31       		.byte	0x31
 652 02b6 0D       		.uleb128 0xd
 653 02b7 01       		.uleb128 0x1
 654 02b8 50       		.byte	0x50
 655 02b9 01       		.uleb128 0x1
 656 02ba 33       		.byte	0x33
 657 02bb 00       		.byte	0
 658 02bc 00       		.byte	0
 659 02bd 10       		.uleb128 0x10
 660 02be 74020000 		.4byte	.LASF21
 661 02c2 03       		.byte	0x3
 662 02c3 26       		.byte	0x26
 663 02c4 CE020000 		.4byte	0x2ce
 664 02c8 05       		.uleb128 0x5
 665 02c9 03       		.byte	0x3
 666 02ca 00000000 		.4byte	System_Timer_Flag
 667 02ce 05       		.uleb128 0x5
 668 02cf ED000000 		.4byte	0xed
 669 02d3 10       		.uleb128 0x10
 670 02d4 1A000000 		.4byte	.LASF22
 671 02d8 03       		.byte	0x3
 672 02d9 27       		.byte	0x27
 673 02da E4020000 		.4byte	0x2e4
 674 02de 05       		.uleb128 0x5
 675 02df 03       		.byte	0x3
 676 02e0 00000000 		.4byte	System_Timer
 677 02e4 05       		.uleb128 0x5
 678 02e5 C8000000 		.4byte	0xc8
 679 02e9 08       		.uleb128 0x8
 680 02ea 6B000000 		.4byte	0x6b
 681 02ee F9020000 		.4byte	0x2f9
 682 02f2 09       		.uleb128 0x9
 683 02f3 A0000000 		.4byte	0xa0
 684 02f7 10       		.byte	0x10
 685 02f8 00       		.byte	0
 686 02f9 11       		.uleb128 0x11
 687 02fa A7000000 		.4byte	.LASF23
 688 02fe 01       		.byte	0x1
 689 02ff 17       		.byte	0x17
 690 0300 04030000 		.4byte	0x304
 691 0304 05       		.uleb128 0x5
 692 0305 E9020000 		.4byte	0x2e9
 693 0309 10       		.uleb128 0x10
 694 030a 9C000000 		.4byte	.LASF24
 695 030e 01       		.byte	0x1
 696 030f 18       		.byte	0x18
 697 0310 96000000 		.4byte	0x96
 698 0314 05       		.uleb128 0x5
ARM GAS  C:\DOCUME~1\Remixvit\LOCALS~1\Temp\ccCTIIJ6.s 			page 15


 699 0315 03       		.byte	0x3
 700 0316 00000000 		.4byte	ActionFlag
 701 031a 10       		.uleb128 0x10
 702 031b A1010000 		.4byte	.LASF25
 703 031f 01       		.byte	0x1
 704 0320 19       		.byte	0x19
 705 0321 96000000 		.4byte	0x96
 706 0325 05       		.uleb128 0x5
 707 0326 03       		.byte	0x3
 708 0327 00000000 		.4byte	Simofor
 709 032b 10       		.uleb128 0x10
 710 032c 43010000 		.4byte	.LASF26
 711 0330 01       		.byte	0x1
 712 0331 1A       		.byte	0x1a
 713 0332 96000000 		.4byte	0x96
 714 0336 05       		.uleb128 0x5
 715 0337 03       		.byte	0x3
 716 0338 00000000 		.4byte	Counter
 717 033c 10       		.uleb128 0x10
 718 033d 27000000 		.4byte	.LASF27
 719 0341 01       		.byte	0x1
 720 0342 1B       		.byte	0x1b
 721 0343 96000000 		.4byte	0x96
 722 0347 05       		.uleb128 0x5
 723 0348 03       		.byte	0x3
 724 0349 00000000 		.4byte	Video_Pointer
 725 034d 12       		.uleb128 0x12
 726 034e 50000000 		.4byte	.LASF28
 727 0352 01       		.byte	0x1
 728 0353 15       		.byte	0x15
 729 0354 5A030000 		.4byte	0x35a
 730 0358 13       		.uleb128 0x13
 731 0359 00       		.byte	0
 732 035a 14       		.uleb128 0x14
 733 035b D7000000 		.4byte	.LASF33
 734 035f 04       		.byte	0x4
 735 0360 22       		.byte	0x22
 736 0361 15       		.uleb128 0x15
 737 0362 57010000 		.4byte	.LASF30
 738 0366 03       		.byte	0x3
 739 0367 28       		.byte	0x28
 740 0368 77030000 		.4byte	0x377
 741 036c 16       		.uleb128 0x16
 742 036d 6B000000 		.4byte	0x6b
 743 0371 16       		.uleb128 0x16
 744 0372 76000000 		.4byte	0x76
 745 0376 00       		.byte	0
 746 0377 12       		.uleb128 0x12
 747 0378 59020000 		.4byte	.LASF29
 748 037c 01       		.byte	0x1
 749 037d 16       		.byte	0x16
 750 037e 84030000 		.4byte	0x384
 751 0382 13       		.uleb128 0x13
 752 0383 00       		.byte	0
 753 0384 15       		.uleb128 0x15
 754 0385 F6000000 		.4byte	.LASF31
 755 0389 04       		.byte	0x4
ARM GAS  C:\DOCUME~1\Remixvit\LOCALS~1\Temp\ccCTIIJ6.s 			page 16


 756 038a 21       		.byte	0x21
 757 038b 95030000 		.4byte	0x395
 758 038f 16       		.uleb128 0x16
 759 0390 6B000000 		.4byte	0x6b
 760 0394 00       		.byte	0
 761 0395 12       		.uleb128 0x12
 762 0396 12010000 		.4byte	.LASF32
 763 039a 03       		.byte	0x3
 764 039b 2A       		.byte	0x2a
 765 039c A2030000 		.4byte	0x3a2
 766 03a0 13       		.uleb128 0x13
 767 03a1 00       		.byte	0
 768 03a2 14       		.uleb128 0x14
 769 03a3 7D000000 		.4byte	.LASF34
 770 03a7 05       		.byte	0x5
 771 03a8 68       		.byte	0x68
 772 03a9 15       		.uleb128 0x15
 773 03aa D1020000 		.4byte	.LASF35
 774 03ae 06       		.byte	0x6
 775 03af 57       		.byte	0x57
 776 03b0 BA030000 		.4byte	0x3ba
 777 03b4 16       		.uleb128 0x16
 778 03b5 76000000 		.4byte	0x76
 779 03b9 00       		.byte	0
 780 03ba 12       		.uleb128 0x12
 781 03bb 68010000 		.4byte	.LASF36
 782 03bf 04       		.byte	0x4
 783 03c0 1E       		.byte	0x1e
 784 03c1 C7030000 		.4byte	0x3c7
 785 03c5 13       		.uleb128 0x13
 786 03c6 00       		.byte	0
 787 03c7 14       		.uleb128 0x14
 788 03c8 B3000000 		.4byte	.LASF37
 789 03cc 07       		.byte	0x7
 790 03cd 92       		.byte	0x92
 791 03ce 15       		.uleb128 0x15
 792 03cf 00000000 		.4byte	.LASF38
 793 03d3 07       		.byte	0x7
 794 03d4 CA       		.byte	0xca
 795 03d5 DF030000 		.4byte	0x3df
 796 03d9 16       		.uleb128 0x16
 797 03da 6B000000 		.4byte	0x6b
 798 03de 00       		.byte	0
 799 03df 14       		.uleb128 0x14
 800 03e0 35000000 		.4byte	.LASF39
 801 03e4 08       		.byte	0x8
 802 03e5 68       		.byte	0x68
 803 03e6 00       		.byte	0
 804              		.section	.debug_abbrev,"",%progbits
 805              	.Ldebug_abbrev0:
 806 0000 01       		.uleb128 0x1
 807 0001 11       		.uleb128 0x11
 808 0002 01       		.byte	0x1
 809 0003 25       		.uleb128 0x25
 810 0004 0E       		.uleb128 0xe
 811 0005 13       		.uleb128 0x13
 812 0006 0B       		.uleb128 0xb
ARM GAS  C:\DOCUME~1\Remixvit\LOCALS~1\Temp\ccCTIIJ6.s 			page 17


 813 0007 03       		.uleb128 0x3
 814 0008 0E       		.uleb128 0xe
 815 0009 1B       		.uleb128 0x1b
 816 000a 0E       		.uleb128 0xe
 817 000b 55       		.uleb128 0x55
 818 000c 17       		.uleb128 0x17
 819 000d 11       		.uleb128 0x11
 820 000e 01       		.uleb128 0x1
 821 000f 10       		.uleb128 0x10
 822 0010 17       		.uleb128 0x17
 823 0011 00       		.byte	0
 824 0012 00       		.byte	0
 825 0013 02       		.uleb128 0x2
 826 0014 24       		.uleb128 0x24
 827 0015 00       		.byte	0
 828 0016 0B       		.uleb128 0xb
 829 0017 0B       		.uleb128 0xb
 830 0018 3E       		.uleb128 0x3e
 831 0019 0B       		.uleb128 0xb
 832 001a 03       		.uleb128 0x3
 833 001b 0E       		.uleb128 0xe
 834 001c 00       		.byte	0
 835 001d 00       		.byte	0
 836 001e 03       		.uleb128 0x3
 837 001f 24       		.uleb128 0x24
 838 0020 00       		.byte	0
 839 0021 0B       		.uleb128 0xb
 840 0022 0B       		.uleb128 0xb
 841 0023 3E       		.uleb128 0x3e
 842 0024 0B       		.uleb128 0xb
 843 0025 03       		.uleb128 0x3
 844 0026 08       		.uleb128 0x8
 845 0027 00       		.byte	0
 846 0028 00       		.byte	0
 847 0029 04       		.uleb128 0x4
 848 002a 16       		.uleb128 0x16
 849 002b 00       		.byte	0
 850 002c 03       		.uleb128 0x3
 851 002d 0E       		.uleb128 0xe
 852 002e 3A       		.uleb128 0x3a
 853 002f 0B       		.uleb128 0xb
 854 0030 3B       		.uleb128 0x3b
 855 0031 0B       		.uleb128 0xb
 856 0032 49       		.uleb128 0x49
 857 0033 13       		.uleb128 0x13
 858 0034 00       		.byte	0
 859 0035 00       		.byte	0
 860 0036 05       		.uleb128 0x5
 861 0037 35       		.uleb128 0x35
 862 0038 00       		.byte	0
 863 0039 49       		.uleb128 0x49
 864 003a 13       		.uleb128 0x13
 865 003b 00       		.byte	0
 866 003c 00       		.byte	0
 867 003d 06       		.uleb128 0x6
 868 003e 13       		.uleb128 0x13
 869 003f 01       		.byte	0x1
ARM GAS  C:\DOCUME~1\Remixvit\LOCALS~1\Temp\ccCTIIJ6.s 			page 18


 870 0040 0B       		.uleb128 0xb
 871 0041 0B       		.uleb128 0xb
 872 0042 3A       		.uleb128 0x3a
 873 0043 0B       		.uleb128 0xb
 874 0044 3B       		.uleb128 0x3b
 875 0045 0B       		.uleb128 0xb
 876 0046 01       		.uleb128 0x1
 877 0047 13       		.uleb128 0x13
 878 0048 00       		.byte	0
 879 0049 00       		.byte	0
 880 004a 07       		.uleb128 0x7
 881 004b 0D       		.uleb128 0xd
 882 004c 00       		.byte	0
 883 004d 03       		.uleb128 0x3
 884 004e 0E       		.uleb128 0xe
 885 004f 3A       		.uleb128 0x3a
 886 0050 0B       		.uleb128 0xb
 887 0051 3B       		.uleb128 0x3b
 888 0052 0B       		.uleb128 0xb
 889 0053 49       		.uleb128 0x49
 890 0054 13       		.uleb128 0x13
 891 0055 38       		.uleb128 0x38
 892 0056 0B       		.uleb128 0xb
 893 0057 00       		.byte	0
 894 0058 00       		.byte	0
 895 0059 08       		.uleb128 0x8
 896 005a 01       		.uleb128 0x1
 897 005b 01       		.byte	0x1
 898 005c 49       		.uleb128 0x49
 899 005d 13       		.uleb128 0x13
 900 005e 01       		.uleb128 0x1
 901 005f 13       		.uleb128 0x13
 902 0060 00       		.byte	0
 903 0061 00       		.byte	0
 904 0062 09       		.uleb128 0x9
 905 0063 21       		.uleb128 0x21
 906 0064 00       		.byte	0
 907 0065 49       		.uleb128 0x49
 908 0066 13       		.uleb128 0x13
 909 0067 2F       		.uleb128 0x2f
 910 0068 0B       		.uleb128 0xb
 911 0069 00       		.byte	0
 912 006a 00       		.byte	0
 913 006b 0A       		.uleb128 0xa
 914 006c 2E       		.uleb128 0x2e
 915 006d 01       		.byte	0x1
 916 006e 3F       		.uleb128 0x3f
 917 006f 19       		.uleb128 0x19
 918 0070 03       		.uleb128 0x3
 919 0071 0E       		.uleb128 0xe
 920 0072 3A       		.uleb128 0x3a
 921 0073 0B       		.uleb128 0xb
 922 0074 3B       		.uleb128 0x3b
 923 0075 0B       		.uleb128 0xb
 924 0076 11       		.uleb128 0x11
 925 0077 01       		.uleb128 0x1
 926 0078 12       		.uleb128 0x12
ARM GAS  C:\DOCUME~1\Remixvit\LOCALS~1\Temp\ccCTIIJ6.s 			page 19


 927 0079 06       		.uleb128 0x6
 928 007a 40       		.uleb128 0x40
 929 007b 18       		.uleb128 0x18
 930 007c 9742     		.uleb128 0x2117
 931 007e 19       		.uleb128 0x19
 932 007f 01       		.uleb128 0x1
 933 0080 13       		.uleb128 0x13
 934 0081 00       		.byte	0
 935 0082 00       		.byte	0
 936 0083 0B       		.uleb128 0xb
 937 0084 898201   		.uleb128 0x4109
 938 0087 00       		.byte	0
 939 0088 11       		.uleb128 0x11
 940 0089 01       		.uleb128 0x1
 941 008a 31       		.uleb128 0x31
 942 008b 13       		.uleb128 0x13
 943 008c 00       		.byte	0
 944 008d 00       		.byte	0
 945 008e 0C       		.uleb128 0xc
 946 008f 898201   		.uleb128 0x4109
 947 0092 01       		.byte	0x1
 948 0093 11       		.uleb128 0x11
 949 0094 01       		.uleb128 0x1
 950 0095 31       		.uleb128 0x31
 951 0096 13       		.uleb128 0x13
 952 0097 00       		.byte	0
 953 0098 00       		.byte	0
 954 0099 0D       		.uleb128 0xd
 955 009a 8A8201   		.uleb128 0x410a
 956 009d 00       		.byte	0
 957 009e 02       		.uleb128 0x2
 958 009f 18       		.uleb128 0x18
 959 00a0 9142     		.uleb128 0x2111
 960 00a2 18       		.uleb128 0x18
 961 00a3 00       		.byte	0
 962 00a4 00       		.byte	0
 963 00a5 0E       		.uleb128 0xe
 964 00a6 2E       		.uleb128 0x2e
 965 00a7 01       		.byte	0x1
 966 00a8 3F       		.uleb128 0x3f
 967 00a9 19       		.uleb128 0x19
 968 00aa 03       		.uleb128 0x3
 969 00ab 0E       		.uleb128 0xe
 970 00ac 3A       		.uleb128 0x3a
 971 00ad 0B       		.uleb128 0xb
 972 00ae 3B       		.uleb128 0x3b
 973 00af 0B       		.uleb128 0xb
 974 00b0 49       		.uleb128 0x49
 975 00b1 13       		.uleb128 0x13
 976 00b2 11       		.uleb128 0x11
 977 00b3 01       		.uleb128 0x1
 978 00b4 12       		.uleb128 0x12
 979 00b5 06       		.uleb128 0x6
 980 00b6 40       		.uleb128 0x40
 981 00b7 18       		.uleb128 0x18
 982 00b8 9742     		.uleb128 0x2117
 983 00ba 19       		.uleb128 0x19
ARM GAS  C:\DOCUME~1\Remixvit\LOCALS~1\Temp\ccCTIIJ6.s 			page 20


 984 00bb 01       		.uleb128 0x1
 985 00bc 13       		.uleb128 0x13
 986 00bd 00       		.byte	0
 987 00be 00       		.byte	0
 988 00bf 0F       		.uleb128 0xf
 989 00c0 898201   		.uleb128 0x4109
 990 00c3 01       		.byte	0x1
 991 00c4 11       		.uleb128 0x11
 992 00c5 01       		.uleb128 0x1
 993 00c6 31       		.uleb128 0x31
 994 00c7 13       		.uleb128 0x13
 995 00c8 01       		.uleb128 0x1
 996 00c9 13       		.uleb128 0x13
 997 00ca 00       		.byte	0
 998 00cb 00       		.byte	0
 999 00cc 10       		.uleb128 0x10
 1000 00cd 34       		.uleb128 0x34
 1001 00ce 00       		.byte	0
 1002 00cf 03       		.uleb128 0x3
 1003 00d0 0E       		.uleb128 0xe
 1004 00d1 3A       		.uleb128 0x3a
 1005 00d2 0B       		.uleb128 0xb
 1006 00d3 3B       		.uleb128 0x3b
 1007 00d4 0B       		.uleb128 0xb
 1008 00d5 49       		.uleb128 0x49
 1009 00d6 13       		.uleb128 0x13
 1010 00d7 3F       		.uleb128 0x3f
 1011 00d8 19       		.uleb128 0x19
 1012 00d9 02       		.uleb128 0x2
 1013 00da 18       		.uleb128 0x18
 1014 00db 00       		.byte	0
 1015 00dc 00       		.byte	0
 1016 00dd 11       		.uleb128 0x11
 1017 00de 34       		.uleb128 0x34
 1018 00df 00       		.byte	0
 1019 00e0 03       		.uleb128 0x3
 1020 00e1 0E       		.uleb128 0xe
 1021 00e2 3A       		.uleb128 0x3a
 1022 00e3 0B       		.uleb128 0xb
 1023 00e4 3B       		.uleb128 0x3b
 1024 00e5 0B       		.uleb128 0xb
 1025 00e6 49       		.uleb128 0x49
 1026 00e7 13       		.uleb128 0x13
 1027 00e8 3F       		.uleb128 0x3f
 1028 00e9 19       		.uleb128 0x19
 1029 00ea 3C       		.uleb128 0x3c
 1030 00eb 19       		.uleb128 0x19
 1031 00ec 00       		.byte	0
 1032 00ed 00       		.byte	0
 1033 00ee 12       		.uleb128 0x12
 1034 00ef 2E       		.uleb128 0x2e
 1035 00f0 01       		.byte	0x1
 1036 00f1 3F       		.uleb128 0x3f
 1037 00f2 19       		.uleb128 0x19
 1038 00f3 03       		.uleb128 0x3
 1039 00f4 0E       		.uleb128 0xe
 1040 00f5 3A       		.uleb128 0x3a
ARM GAS  C:\DOCUME~1\Remixvit\LOCALS~1\Temp\ccCTIIJ6.s 			page 21


 1041 00f6 0B       		.uleb128 0xb
 1042 00f7 3B       		.uleb128 0x3b
 1043 00f8 0B       		.uleb128 0xb
 1044 00f9 3C       		.uleb128 0x3c
 1045 00fa 19       		.uleb128 0x19
 1046 00fb 01       		.uleb128 0x1
 1047 00fc 13       		.uleb128 0x13
 1048 00fd 00       		.byte	0
 1049 00fe 00       		.byte	0
 1050 00ff 13       		.uleb128 0x13
 1051 0100 18       		.uleb128 0x18
 1052 0101 00       		.byte	0
 1053 0102 00       		.byte	0
 1054 0103 00       		.byte	0
 1055 0104 14       		.uleb128 0x14
 1056 0105 2E       		.uleb128 0x2e
 1057 0106 00       		.byte	0
 1058 0107 3F       		.uleb128 0x3f
 1059 0108 19       		.uleb128 0x19
 1060 0109 03       		.uleb128 0x3
 1061 010a 0E       		.uleb128 0xe
 1062 010b 3A       		.uleb128 0x3a
 1063 010c 0B       		.uleb128 0xb
 1064 010d 3B       		.uleb128 0x3b
 1065 010e 0B       		.uleb128 0xb
 1066 010f 27       		.uleb128 0x27
 1067 0110 19       		.uleb128 0x19
 1068 0111 3C       		.uleb128 0x3c
 1069 0112 19       		.uleb128 0x19
 1070 0113 00       		.byte	0
 1071 0114 00       		.byte	0
 1072 0115 15       		.uleb128 0x15
 1073 0116 2E       		.uleb128 0x2e
 1074 0117 01       		.byte	0x1
 1075 0118 3F       		.uleb128 0x3f
 1076 0119 19       		.uleb128 0x19
 1077 011a 03       		.uleb128 0x3
 1078 011b 0E       		.uleb128 0xe
 1079 011c 3A       		.uleb128 0x3a
 1080 011d 0B       		.uleb128 0xb
 1081 011e 3B       		.uleb128 0x3b
 1082 011f 0B       		.uleb128 0xb
 1083 0120 27       		.uleb128 0x27
 1084 0121 19       		.uleb128 0x19
 1085 0122 3C       		.uleb128 0x3c
 1086 0123 19       		.uleb128 0x19
 1087 0124 01       		.uleb128 0x1
 1088 0125 13       		.uleb128 0x13
 1089 0126 00       		.byte	0
 1090 0127 00       		.byte	0
 1091 0128 16       		.uleb128 0x16
 1092 0129 05       		.uleb128 0x5
 1093 012a 00       		.byte	0
 1094 012b 49       		.uleb128 0x49
 1095 012c 13       		.uleb128 0x13
 1096 012d 00       		.byte	0
 1097 012e 00       		.byte	0
ARM GAS  C:\DOCUME~1\Remixvit\LOCALS~1\Temp\ccCTIIJ6.s 			page 22


 1098 012f 00       		.byte	0
 1099              		.section	.debug_aranges,"",%progbits
 1100 0000 34000000 		.4byte	0x34
 1101 0004 0200     		.2byte	0x2
 1102 0006 00000000 		.4byte	.Ldebug_info0
 1103 000a 04       		.byte	0x4
 1104 000b 00       		.byte	0
 1105 000c 0000     		.2byte	0
 1106 000e 0000     		.2byte	0
 1107 0010 00000000 		.4byte	.LFB33
 1108 0014 18000000 		.4byte	.LFE33-.LFB33
 1109 0018 00000000 		.4byte	.LFB34
 1110 001c 14000000 		.4byte	.LFE34-.LFB34
 1111 0020 00000000 		.4byte	.LFB35
 1112 0024 2C000000 		.4byte	.LFE35-.LFB35
 1113 0028 00000000 		.4byte	.LFB36
 1114 002c C0000000 		.4byte	.LFE36-.LFB36
 1115 0030 00000000 		.4byte	0
 1116 0034 00000000 		.4byte	0
 1117              		.section	.debug_ranges,"",%progbits
 1118              	.Ldebug_ranges0:
 1119 0000 00000000 		.4byte	.LFB33
 1120 0004 18000000 		.4byte	.LFE33
 1121 0008 00000000 		.4byte	.LFB34
 1122 000c 14000000 		.4byte	.LFE34
 1123 0010 00000000 		.4byte	.LFB35
 1124 0014 2C000000 		.4byte	.LFE35
 1125 0018 00000000 		.4byte	.LFB36
 1126 001c C0000000 		.4byte	.LFE36
 1127 0020 00000000 		.4byte	0
 1128 0024 00000000 		.4byte	0
 1129              		.section	.debug_line,"",%progbits
 1130              	.Ldebug_line0:
 1131 0000 FC000000 		.section	.debug_str,"MS",%progbits,1
 1131      02009100 
 1131      00000201 
 1131      FB0E0D00 
 1131      01010101 
 1132              	.LASF38:
 1133 0000 4C45445F 		.ascii	"LED_SEG_PWM_WriteCompare2\000"
 1133      5345475F 
 1133      50574D5F 
 1133      57726974 
 1133      65436F6D 
 1134              	.LASF22:
 1135 001a 53797374 		.ascii	"System_Timer\000"
 1135      656D5F54 
 1135      696D6572 
 1135      00
 1136              	.LASF27:
 1137 0027 56696465 		.ascii	"Video_Pointer\000"
 1137      6F5F506F 
 1137      696E7465 
 1137      7200
 1138              	.LASF39:
 1139 0035 5343425F 		.ascii	"SCB_1_Start\000"
 1139      315F5374 
ARM GAS  C:\DOCUME~1\Remixvit\LOCALS~1\Temp\ccCTIIJ6.s 			page 23


 1139      61727400 
 1140              	.LASF18:
 1141 0041 4844435F 		.ascii	"HDC_Put_Result\000"
 1141      5075745F 
 1141      52657375 
 1141      6C7400
 1142              	.LASF28:
 1143 0050 48444331 		.ascii	"HDC1050_Get_Temp_And_Humi\000"
 1143      3035305F 
 1143      4765745F 
 1143      54656D70 
 1143      5F416E64 
 1144              	.LASF3:
 1145 006a 73686F72 		.ascii	"short unsigned int\000"
 1145      7420756E 
 1145      7369676E 
 1145      65642069 
 1145      6E7400
 1146              	.LASF34:
 1147 007d 5343425F 		.ascii	"SCB_2_Start\000"
 1147      325F5374 
 1147      61727400 
 1148              	.LASF8:
 1149 0089 756E7369 		.ascii	"unsigned int\000"
 1149      676E6564 
 1149      20696E74 
 1149      00
 1150              	.LASF11:
 1151 0096 666C6F61 		.ascii	"float\000"
 1151      7400
 1152              	.LASF24:
 1153 009c 41637469 		.ascii	"ActionFlag\000"
 1153      6F6E466C 
 1153      616700
 1154              	.LASF23:
 1155 00a7 56696465 		.ascii	"VideoMemory\000"
 1155      6F4D656D 
 1155      6F727900 
 1156              	.LASF37:
 1157 00b3 4C45445F 		.ascii	"LED_SEG_PWM_Start\000"
 1157      5345475F 
 1157      50574D5F 
 1157      53746172 
 1157      7400
 1158              	.LASF5:
 1159 00c5 6C6F6E67 		.ascii	"long unsigned int\000"
 1159      20756E73 
 1159      69676E65 
 1159      6420696E 
 1159      7400
 1160              	.LASF33:
 1161 00d7 44697370 		.ascii	"Display_Set_Video_Memory\000"
 1161      6C61795F 
 1161      5365745F 
 1161      56696465 
 1161      6F5F4D65 
 1162              	.LASF9:
ARM GAS  C:\DOCUME~1\Remixvit\LOCALS~1\Temp\ccCTIIJ6.s 			page 24


 1163 00f0 75696E74 		.ascii	"uint8\000"
 1163      3800
 1164              	.LASF31:
 1165 00f6 44697370 		.ascii	"Display_Scroll_Video_Memory\000"
 1165      6C61795F 
 1165      5363726F 
 1165      6C6C5F56 
 1165      6964656F 
 1166              	.LASF32:
 1167 0112 53797374 		.ascii	"System_Timer_Start\000"
 1167      656D5F54 
 1167      696D6572 
 1167      5F537461 
 1167      727400
 1168              	.LASF1:
 1169 0125 756E7369 		.ascii	"unsigned char\000"
 1169      676E6564 
 1169      20636861 
 1169      7200
 1170              	.LASF12:
 1171 0133 646F7562 		.ascii	"double\000"
 1171      6C6500
 1172              	.LASF41:
 1173 013a 2E5C6D61 		.ascii	".\\main.c\000"
 1173      696E2E63 
 1173      00
 1174              	.LASF26:
 1175 0143 436F756E 		.ascii	"Counter\000"
 1175      74657200 
 1176              	.LASF10:
 1177 014b 75696E74 		.ascii	"uint32\000"
 1177      333200
 1178              	.LASF43:
 1179 0152 6D61696E 		.ascii	"main\000"
 1179      00
 1180              	.LASF30:
 1181 0157 53797374 		.ascii	"System_Timer_Add\000"
 1181      656D5F54 
 1181      696D6572 
 1181      5F416464 
 1181      00
 1182              	.LASF36:
 1183 0168 496E6974 		.ascii	"Init_Video_Memory\000"
 1183      5F566964 
 1183      656F5F4D 
 1183      656D6F72 
 1183      7900
 1184              	.LASF15:
 1185 017a 4E756D62 		.ascii	"Number\000"
 1185      657200
 1186              	.LASF7:
 1187 0181 6C6F6E67 		.ascii	"long long unsigned int\000"
 1187      206C6F6E 
 1187      6720756E 
 1187      7369676E 
 1187      65642069 
 1188              	.LASF14:
ARM GAS  C:\DOCUME~1\Remixvit\LOCALS~1\Temp\ccCTIIJ6.s 			page 25


 1189 0198 73697A65 		.ascii	"sizetype\000"
 1189      74797065 
 1189      00
 1190              	.LASF25:
 1191 01a1 53696D6F 		.ascii	"Simofor\000"
 1191      666F7200 
 1192              	.LASF6:
 1193 01a9 6C6F6E67 		.ascii	"long long int\000"
 1193      206C6F6E 
 1193      6720696E 
 1193      7400
 1194              	.LASF17:
 1195 01b7 466C6167 		.ascii	"Flag\000"
 1195      00
 1196              	.LASF13:
 1197 01bc 63686172 		.ascii	"char\000"
 1197      00
 1198              	.LASF40:
 1199 01c1 474E5520 		.ascii	"GNU C 4.9.3 20150303 (release) [ARM/embedded-4_9-br"
 1199      4320342E 
 1199      392E3320 
 1199      32303135 
 1199      30333033 
 1200 01f4 616E6368 		.ascii	"anch revision 221220] -mcpu=cortex-m0 -mthumb -g -O"
 1200      20726576 
 1200      6973696F 
 1200      6E203232 
 1200      31323230 
 1201 0227 67202D66 		.ascii	"g -ffunction-sections -ffat-lto-objects\000"
 1201      66756E63 
 1201      74696F6E 
 1201      2D736563 
 1201      74696F6E 
 1202              	.LASF2:
 1203 024f 73686F72 		.ascii	"short int\000"
 1203      7420696E 
 1203      7400
 1204              	.LASF29:
 1205 0259 48444331 		.ascii	"HDC1050_Request_Conversion\000"
 1205      3035305F 
 1205      52657175 
 1205      6573745F 
 1205      436F6E76 
 1206              	.LASF21:
 1207 0274 53797374 		.ascii	"System_Timer_Flag\000"
 1207      656D5F54 
 1207      696D6572 
 1207      5F466C61 
 1207      6700
 1208              	.LASF4:
 1209 0286 6C6F6E67 		.ascii	"long int\000"
 1209      20696E74 
 1209      00
 1210              	.LASF42:
 1211 028f 433A5C45 		.ascii	"C:\\EAGLE\\My\\Thermometr\\Thermometr.cydsn\000"
 1211      41474C45 
 1211      5C4D795C 
ARM GAS  C:\DOCUME~1\Remixvit\LOCALS~1\Temp\ccCTIIJ6.s 			page 26


 1211      54686572 
 1211      6D6F6D65 
 1212              	.LASF0:
 1213 02b7 7369676E 		.ascii	"signed char\000"
 1213      65642063 
 1213      68617200 
 1214              	.LASF20:
 1215 02c3 44697370 		.ascii	"Display_Print\000"
 1215      6C61795F 
 1215      5072696E 
 1215      7400
 1216              	.LASF35:
 1217 02d1 43794465 		.ascii	"CyDelay\000"
 1217      6C617900 
 1218              	.LASF19:
 1219 02d9 4844435F 		.ascii	"HDC_Start_Convert\000"
 1219      53746172 
 1219      745F436F 
 1219      6E766572 
 1219      7400
 1220              	.LASF16:
 1221 02eb 54696D65 		.ascii	"Time\000"
 1221      00
 1222              		.ident	"GCC: (GNU Tools for ARM Embedded Processors) 4.9.3 20150303 (release) [ARM/embedded-4_9-br
