ARM GAS  C:\DOCUME~1\Remixvit\LOCALS~1\Temp\ccw2u2eo.s 			page 1


   1              		.cpu cortex-m0
   2              		.fpu softvfp
   3              		.eabi_attribute 20, 1
   4              		.eabi_attribute 21, 1
   5              		.eabi_attribute 23, 3
   6              		.eabi_attribute 24, 1
   7              		.eabi_attribute 25, 1
   8              		.eabi_attribute 26, 1
   9              		.eabi_attribute 30, 1
  10              		.eabi_attribute 34, 0
  11              		.eabi_attribute 18, 4
  12              		.code	16
  13              		.file	"SysClock.c"
  14              		.text
  15              	.Ltext0:
  16              		.cfi_sections	.debug_frame
  17              		.section	.text.System_Timer_ISR,"ax",%progbits
  18              		.align	2
  19              		.global	System_Timer_ISR
  20              		.code	16
  21              		.thumb_func
  22              		.type	System_Timer_ISR, %function
  23              	System_Timer_ISR:
  24              	.LFB36:
  25              		.file 1 ".\\SysClock.c"
   1:.\SysClock.c  **** /* ========================================
   2:.\SysClock.c  ****  *
   3:.\SysClock.c  ****  * Copyright YOUR COMPANY, THE YEAR
   4:.\SysClock.c  ****  * All Rights Reserved
   5:.\SysClock.c  ****  * UNPUBLISHED, LICENSED SOFTWARE.
   6:.\SysClock.c  ****  *
   7:.\SysClock.c  ****  * CONFIDENTIAL AND PROPRIETARY INFORMATION
   8:.\SysClock.c  ****  * WHICH IS THE PROPERTY OF your company.
   9:.\SysClock.c  ****  *
  10:.\SysClock.c  ****  * ========================================
  11:.\SysClock.c  **** */
  12:.\SysClock.c  **** #include "SysClock.h"
  13:.\SysClock.c  **** 
  14:.\SysClock.c  **** void System_Timer_Start()
  15:.\SysClock.c  **** {
  16:.\SysClock.c  ****     LED_SEG_PWM_Start();
  17:.\SysClock.c  ****     Timer_Interrupt_StartEx(System_Timer_ISR);
  18:.\SysClock.c  ****     volatile uint8_t Scroll = 0;
  19:.\SysClock.c  ****     for(Scroll = 0; Scroll < MAX_Number_Of_Sys_Timer; Scroll++)
  20:.\SysClock.c  ****     {
  21:.\SysClock.c  ****         System_Timer[Scroll].Number = 255;
  22:.\SysClock.c  ****         System_Timer[Scroll].Time = 0;
  23:.\SysClock.c  ****         System_Timer_Flag[Scroll].Flag = 0;
  24:.\SysClock.c  ****     }
  25:.\SysClock.c  **** }
  26:.\SysClock.c  **** void System_Timer_Add(uint8 New_Number, uint32 New_Time)
  27:.\SysClock.c  **** {
  28:.\SysClock.c  ****     CyGlobalIntDisable;
  29:.\SysClock.c  ****     volatile uint8 i;
  30:.\SysClock.c  ****     for(i = 0; i < MAX_Number_Of_Sys_Timer; i++)
  31:.\SysClock.c  ****     {
  32:.\SysClock.c  ****         if(System_Timer[i].Number == New_Number)
ARM GAS  C:\DOCUME~1\Remixvit\LOCALS~1\Temp\ccw2u2eo.s 			page 2


  33:.\SysClock.c  ****         {
  34:.\SysClock.c  ****             System_Timer[i].Time = New_Time;
  35:.\SysClock.c  ****             System_Timer_Flag[New_Number].Flag = 0;
  36:.\SysClock.c  ****             CyGlobalIntEnable;
  37:.\SysClock.c  ****             return;
  38:.\SysClock.c  ****         }
  39:.\SysClock.c  ****     }
  40:.\SysClock.c  ****     for(i = 0; i < MAX_Number_Of_Sys_Timer; i++)
  41:.\SysClock.c  ****     {
  42:.\SysClock.c  ****         if(System_Timer[i].Number == 255)
  43:.\SysClock.c  ****         {
  44:.\SysClock.c  ****             System_Timer[i].Number = New_Number;
  45:.\SysClock.c  ****             System_Timer[i].Time = New_Time;
  46:.\SysClock.c  ****             System_Timer_Flag[New_Number].Flag = 0;
  47:.\SysClock.c  ****             CyGlobalIntEnable;
  48:.\SysClock.c  ****             return;
  49:.\SysClock.c  ****         }
  50:.\SysClock.c  ****     }
  51:.\SysClock.c  ****     CyGlobalIntEnable;
  52:.\SysClock.c  ****  }
  53:.\SysClock.c  **** 
  54:.\SysClock.c  **** void System_Timer_Remove(uint8 Number)
  55:.\SysClock.c  **** {
  56:.\SysClock.c  ****     CyGlobalIntDisable;
  57:.\SysClock.c  ****     volatile uint8 i;
  58:.\SysClock.c  ****     for(i = 0; i < 10; i++)
  59:.\SysClock.c  ****     {
  60:.\SysClock.c  ****         if(System_Timer[i].Number == Number)
  61:.\SysClock.c  ****         {
  62:.\SysClock.c  ****             System_Timer[i].Number = 255;
  63:.\SysClock.c  ****             System_Timer_Flag[Number].Flag = 0;
  64:.\SysClock.c  ****             CyGlobalIntEnable;
  65:.\SysClock.c  ****             break;
  66:.\SysClock.c  ****         }
  67:.\SysClock.c  ****     }
  68:.\SysClock.c  ****     CyGlobalIntEnable;
  69:.\SysClock.c  **** }
  70:.\SysClock.c  **** 
  71:.\SysClock.c  **** CY_ISR(System_Timer_ISR)
  72:.\SysClock.c  **** {
  26              		.loc 1 72 0
  27              		.cfi_startproc
  28 0000 10B5     		push	{r4, lr}
  29              		.cfi_def_cfa_offset 8
  30              		.cfi_offset 4, -8
  31              		.cfi_offset 14, -4
  32 0002 82B0     		sub	sp, sp, #8
  33              		.cfi_def_cfa_offset 16
  73:.\SysClock.c  ****     CyGlobalIntDisable;
  34              		.loc 1 73 0
  35              	@ 73 ".\SysClock.c" 1
  36 0004 72B6     		CPSID   i
  37              	@ 0 "" 2
  74:.\SysClock.c  ****     volatile uint8 i;
  75:.\SysClock.c  ****     for(i = 0; i < MAX_Number_Of_Sys_Timer; i++)
  38              		.loc 1 75 0
  39              		.code	16
ARM GAS  C:\DOCUME~1\Remixvit\LOCALS~1\Temp\ccw2u2eo.s 			page 3


  40 0006 0022     		mov	r2, #0
  41 0008 6B46     		mov	r3, sp
  42 000a DA71     		strb	r2, [r3, #7]
  43 000c 2DE0     		b	.L2
  44              	.L5:
  76:.\SysClock.c  ****     {
  77:.\SysClock.c  ****         if(System_Timer[i].Number == 255) continue;
  45              		.loc 1 77 0
  46 000e 6B46     		mov	r3, sp
  47 0010 0733     		add	r3, r3, #7
  48 0012 1B78     		ldrb	r3, [r3]
  49 0014 DB00     		lsl	r3, r3, #3
  50 0016 194A     		ldr	r2, .L6
  51 0018 9B5C     		ldrb	r3, [r3, r2]
  52 001a DBB2     		uxtb	r3, r3
  53 001c FF2B     		cmp	r3, #255
  54 001e 1ED0     		beq	.L3
  78:.\SysClock.c  ****         if(System_Timer[i].Time != 0)
  55              		.loc 1 78 0
  56 0020 6B46     		mov	r3, sp
  57 0022 0733     		add	r3, r3, #7
  58 0024 1B78     		ldrb	r3, [r3]
  59 0026 DB00     		lsl	r3, r3, #3
  60 0028 D318     		add	r3, r2, r3
  61 002a 5B68     		ldr	r3, [r3, #4]
  62 002c 002B     		cmp	r3, #0
  63 002e 08D0     		beq	.L4
  79:.\SysClock.c  ****         {
  80:.\SysClock.c  ****             System_Timer[i].Time--;
  64              		.loc 1 80 0
  65 0030 6B46     		mov	r3, sp
  66 0032 0733     		add	r3, r3, #7
  67 0034 1B78     		ldrb	r3, [r3]
  68 0036 DB00     		lsl	r3, r3, #3
  69 0038 D318     		add	r3, r2, r3
  70 003a 5A68     		ldr	r2, [r3, #4]
  71 003c 013A     		sub	r2, r2, #1
  72 003e 5A60     		str	r2, [r3, #4]
  73 0040 0DE0     		b	.L3
  74              	.L4:
  81:.\SysClock.c  ****         }
  82:.\SysClock.c  ****         else
  83:.\SysClock.c  ****         {
  84:.\SysClock.c  ****             System_Timer_Flag[System_Timer[i].Number].Flag = 1;
  75              		.loc 1 84 0
  76 0042 6B46     		mov	r3, sp
  77 0044 D91D     		add	r1, r3, #7
  78 0046 DB79     		ldrb	r3, [r3, #7]
  79 0048 0C4A     		ldr	r2, .L6
  80 004a DB00     		lsl	r3, r3, #3
  81 004c 9B5C     		ldrb	r3, [r3, r2]
  82 004e DBB2     		uxtb	r3, r3
  83 0050 0124     		mov	r4, #1
  84 0052 0B48     		ldr	r0, .L6+4
  85 0054 C454     		strb	r4, [r0, r3]
  85:.\SysClock.c  ****             System_Timer[i].Number = 255;
  86              		.loc 1 85 0
ARM GAS  C:\DOCUME~1\Remixvit\LOCALS~1\Temp\ccw2u2eo.s 			page 4


  87 0056 0B78     		ldrb	r3, [r1]
  88 0058 DB00     		lsl	r3, r3, #3
  89 005a FF21     		mov	r1, #255
  90 005c 9954     		strb	r1, [r3, r2]
  91              	.L3:
  75:.\SysClock.c  ****     {
  92              		.loc 1 75 0 discriminator 2
  93 005e 6B46     		mov	r3, sp
  94 0060 DA1D     		add	r2, r3, #7
  95 0062 DB79     		ldrb	r3, [r3, #7]
  96 0064 0133     		add	r3, r3, #1
  97 0066 DBB2     		uxtb	r3, r3
  98 0068 1370     		strb	r3, [r2]
  99              	.L2:
  75:.\SysClock.c  ****     {
 100              		.loc 1 75 0 is_stmt 0 discriminator 1
 101 006a 6B46     		mov	r3, sp
 102 006c 0733     		add	r3, r3, #7
 103 006e 1B78     		ldrb	r3, [r3]
 104 0070 DBB2     		uxtb	r3, r3
 105 0072 042B     		cmp	r3, #4
 106 0074 CBD9     		bls	.L5
  86:.\SysClock.c  ****         }
  87:.\SysClock.c  ****     }
  88:.\SysClock.c  ****     CyGlobalIntEnable;
 107              		.loc 1 88 0 is_stmt 1
 108              	@ 88 ".\SysClock.c" 1
 109 0076 62B6     		CPSIE   i
 110              	@ 0 "" 2
  89:.\SysClock.c  **** }
 111              		.loc 1 89 0
 112              		.code	16
 113 0078 02B0     		add	sp, sp, #8
 114              		@ sp needed
 115 007a 10BD     		pop	{r4, pc}
 116              	.L7:
 117              		.align	2
 118              	.L6:
 119 007c 00000000 		.word	System_Timer
 120 0080 00000000 		.word	System_Timer_Flag
 121              		.cfi_endproc
 122              	.LFE36:
 123              		.size	System_Timer_ISR, .-System_Timer_ISR
 124              		.section	.text.System_Timer_Start,"ax",%progbits
 125              		.align	2
 126              		.global	System_Timer_Start
 127              		.code	16
 128              		.thumb_func
 129              		.type	System_Timer_Start, %function
 130              	System_Timer_Start:
 131              	.LFB33:
  15:.\SysClock.c  ****     LED_SEG_PWM_Start();
 132              		.loc 1 15 0
 133              		.cfi_startproc
 134 0000 00B5     		push	{lr}
 135              		.cfi_def_cfa_offset 4
 136              		.cfi_offset 14, -4
ARM GAS  C:\DOCUME~1\Remixvit\LOCALS~1\Temp\ccw2u2eo.s 			page 5


 137 0002 83B0     		sub	sp, sp, #12
 138              		.cfi_def_cfa_offset 16
  16:.\SysClock.c  ****     Timer_Interrupt_StartEx(System_Timer_ISR);
 139              		.loc 1 16 0
 140 0004 FFF7FEFF 		bl	LED_SEG_PWM_Start
 141              	.LVL0:
  17:.\SysClock.c  ****     volatile uint8_t Scroll = 0;
 142              		.loc 1 17 0
 143 0008 1148     		ldr	r0, .L11
 144 000a FFF7FEFF 		bl	Timer_Interrupt_StartEx
 145              	.LVL1:
  18:.\SysClock.c  ****     for(Scroll = 0; Scroll < MAX_Number_Of_Sys_Timer; Scroll++)
 146              		.loc 1 18 0
 147 000e 6B46     		mov	r3, sp
 148 0010 0022     		mov	r2, #0
 149 0012 DA71     		strb	r2, [r3, #7]
  19:.\SysClock.c  ****     {
 150              		.loc 1 19 0
 151 0014 DA71     		strb	r2, [r3, #7]
 152 0016 12E0     		b	.L9
 153              	.L10:
  21:.\SysClock.c  ****         System_Timer[Scroll].Time = 0;
 154              		.loc 1 21 0 discriminator 3
 155 0018 6B46     		mov	r3, sp
 156 001a D979     		ldrb	r1, [r3, #7]
 157 001c 0D48     		ldr	r0, .L11+4
 158 001e C900     		lsl	r1, r1, #3
 159 0020 FF22     		mov	r2, #255
 160 0022 0A54     		strb	r2, [r1, r0]
  22:.\SysClock.c  ****         System_Timer_Flag[Scroll].Flag = 0;
 161              		.loc 1 22 0 discriminator 3
 162 0024 DA79     		ldrb	r2, [r3, #7]
 163 0026 D200     		lsl	r2, r2, #3
 164 0028 8218     		add	r2, r0, r2
 165 002a 0021     		mov	r1, #0
 166 002c 5160     		str	r1, [r2, #4]
  23:.\SysClock.c  ****     }
 167              		.loc 1 23 0 discriminator 3
 168 002e DA79     		ldrb	r2, [r3, #7]
 169 0030 D2B2     		uxtb	r2, r2
 170 0032 0948     		ldr	r0, .L11+8
 171 0034 8154     		strb	r1, [r0, r2]
  19:.\SysClock.c  ****     {
 172              		.loc 1 19 0 discriminator 3
 173 0036 DA79     		ldrb	r2, [r3, #7]
 174 0038 0132     		add	r2, r2, #1
 175 003a D2B2     		uxtb	r2, r2
 176 003c DA71     		strb	r2, [r3, #7]
 177              	.L9:
  19:.\SysClock.c  ****     {
 178              		.loc 1 19 0 is_stmt 0 discriminator 1
 179 003e 6B46     		mov	r3, sp
 180 0040 0733     		add	r3, r3, #7
 181 0042 1B78     		ldrb	r3, [r3]
 182 0044 DBB2     		uxtb	r3, r3
 183 0046 042B     		cmp	r3, #4
 184 0048 E6D9     		bls	.L10
ARM GAS  C:\DOCUME~1\Remixvit\LOCALS~1\Temp\ccw2u2eo.s 			page 6


  25:.\SysClock.c  **** void System_Timer_Add(uint8 New_Number, uint32 New_Time)
 185              		.loc 1 25 0 is_stmt 1
 186 004a 03B0     		add	sp, sp, #12
 187              		@ sp needed
 188 004c 00BD     		pop	{pc}
 189              	.L12:
 190 004e C046     		.align	2
 191              	.L11:
 192 0050 00000000 		.word	System_Timer_ISR
 193 0054 00000000 		.word	System_Timer
 194 0058 00000000 		.word	System_Timer_Flag
 195              		.cfi_endproc
 196              	.LFE33:
 197              		.size	System_Timer_Start, .-System_Timer_Start
 198              		.section	.text.System_Timer_Add,"ax",%progbits
 199              		.align	2
 200              		.global	System_Timer_Add
 201              		.code	16
 202              		.thumb_func
 203              		.type	System_Timer_Add, %function
 204              	System_Timer_Add:
 205              	.LFB34:
  27:.\SysClock.c  ****     CyGlobalIntDisable;
 206              		.loc 1 27 0
 207              		.cfi_startproc
 208              	.LVL2:
 209 0000 10B5     		push	{r4, lr}
 210              		.cfi_def_cfa_offset 8
 211              		.cfi_offset 4, -8
 212              		.cfi_offset 14, -4
 213 0002 82B0     		sub	sp, sp, #8
 214              		.cfi_def_cfa_offset 16
  28:.\SysClock.c  ****     volatile uint8 i;
 215              		.loc 1 28 0
 216              	@ 28 ".\SysClock.c" 1
 217 0004 72B6     		CPSID   i
 218              	@ 0 "" 2
  30:.\SysClock.c  ****     {
 219              		.loc 1 30 0
 220              		.code	16
 221 0006 0022     		mov	r2, #0
 222 0008 6B46     		mov	r3, sp
 223 000a DA71     		strb	r2, [r3, #7]
 224 000c 19E0     		b	.L14
 225              	.L17:
  32:.\SysClock.c  ****         {
 226              		.loc 1 32 0
 227 000e 6B46     		mov	r3, sp
 228 0010 0733     		add	r3, r3, #7
 229 0012 1B78     		ldrb	r3, [r3]
 230 0014 DB00     		lsl	r3, r3, #3
 231 0016 234A     		ldr	r2, .L21
 232 0018 9B5C     		ldrb	r3, [r3, r2]
 233 001a DBB2     		uxtb	r3, r3
 234 001c 8342     		cmp	r3, r0
 235 001e 0AD1     		bne	.L15
  34:.\SysClock.c  ****             System_Timer_Flag[New_Number].Flag = 0;
ARM GAS  C:\DOCUME~1\Remixvit\LOCALS~1\Temp\ccw2u2eo.s 			page 7


 236              		.loc 1 34 0
 237 0020 6B46     		mov	r3, sp
 238 0022 0733     		add	r3, r3, #7
 239 0024 1B78     		ldrb	r3, [r3]
 240 0026 DB00     		lsl	r3, r3, #3
 241 0028 D318     		add	r3, r2, r3
 242 002a 5960     		str	r1, [r3, #4]
  35:.\SysClock.c  ****             CyGlobalIntEnable;
 243              		.loc 1 35 0
 244 002c 0022     		mov	r2, #0
 245 002e 1E4B     		ldr	r3, .L21+4
 246 0030 1A54     		strb	r2, [r3, r0]
  36:.\SysClock.c  ****             return;
 247              		.loc 1 36 0
 248              	@ 36 ".\SysClock.c" 1
 249 0032 62B6     		CPSIE   i
 250              	@ 0 "" 2
  37:.\SysClock.c  ****         }
 251              		.loc 1 37 0
 252              		.code	16
 253 0034 34E0     		b	.L13
 254              	.L15:
  30:.\SysClock.c  ****     {
 255              		.loc 1 30 0 discriminator 2
 256 0036 6B46     		mov	r3, sp
 257 0038 DA1D     		add	r2, r3, #7
 258 003a DB79     		ldrb	r3, [r3, #7]
 259 003c 0133     		add	r3, r3, #1
 260 003e DBB2     		uxtb	r3, r3
 261 0040 1370     		strb	r3, [r2]
 262              	.L14:
  30:.\SysClock.c  ****     {
 263              		.loc 1 30 0 is_stmt 0 discriminator 1
 264 0042 6B46     		mov	r3, sp
 265 0044 0733     		add	r3, r3, #7
 266 0046 1B78     		ldrb	r3, [r3]
 267 0048 DBB2     		uxtb	r3, r3
 268 004a 042B     		cmp	r3, #4
 269 004c DFD9     		bls	.L17
  40:.\SysClock.c  ****     {
 270              		.loc 1 40 0 is_stmt 1
 271 004e 0022     		mov	r2, #0
 272 0050 6B46     		mov	r3, sp
 273 0052 DA71     		strb	r2, [r3, #7]
 274 0054 1DE0     		b	.L18
 275              	.L20:
  42:.\SysClock.c  ****         {
 276              		.loc 1 42 0
 277 0056 6B46     		mov	r3, sp
 278 0058 0733     		add	r3, r3, #7
 279 005a 1B78     		ldrb	r3, [r3]
 280 005c DB00     		lsl	r3, r3, #3
 281 005e 114A     		ldr	r2, .L21
 282 0060 9B5C     		ldrb	r3, [r3, r2]
 283 0062 DBB2     		uxtb	r3, r3
 284 0064 FF2B     		cmp	r3, #255
 285 0066 0ED1     		bne	.L19
ARM GAS  C:\DOCUME~1\Remixvit\LOCALS~1\Temp\ccw2u2eo.s 			page 8


  44:.\SysClock.c  ****             System_Timer[i].Time = New_Time;
 286              		.loc 1 44 0
 287 0068 6B46     		mov	r3, sp
 288 006a DA79     		ldrb	r2, [r3, #7]
 289 006c 0733     		add	r3, r3, #7
 290 006e 0D4C     		ldr	r4, .L21
 291 0070 D200     		lsl	r2, r2, #3
 292 0072 1055     		strb	r0, [r2, r4]
  45:.\SysClock.c  ****             System_Timer_Flag[New_Number].Flag = 0;
 293              		.loc 1 45 0
 294 0074 1B78     		ldrb	r3, [r3]
 295 0076 DB00     		lsl	r3, r3, #3
 296 0078 E318     		add	r3, r4, r3
 297 007a 5960     		str	r1, [r3, #4]
  46:.\SysClock.c  ****             CyGlobalIntEnable;
 298              		.loc 1 46 0
 299 007c 0022     		mov	r2, #0
 300 007e 0A4B     		ldr	r3, .L21+4
 301 0080 1A54     		strb	r2, [r3, r0]
  47:.\SysClock.c  ****             return;
 302              		.loc 1 47 0
 303              	@ 47 ".\SysClock.c" 1
 304 0082 62B6     		CPSIE   i
 305              	@ 0 "" 2
  48:.\SysClock.c  ****         }
 306              		.loc 1 48 0
 307              		.code	16
 308 0084 0CE0     		b	.L13
 309              	.L19:
  40:.\SysClock.c  ****     {
 310              		.loc 1 40 0 discriminator 2
 311 0086 6B46     		mov	r3, sp
 312 0088 DA1D     		add	r2, r3, #7
 313 008a DB79     		ldrb	r3, [r3, #7]
 314 008c 0133     		add	r3, r3, #1
 315 008e DBB2     		uxtb	r3, r3
 316 0090 1370     		strb	r3, [r2]
 317              	.L18:
  40:.\SysClock.c  ****     {
 318              		.loc 1 40 0 is_stmt 0 discriminator 1
 319 0092 6B46     		mov	r3, sp
 320 0094 0733     		add	r3, r3, #7
 321 0096 1B78     		ldrb	r3, [r3]
 322 0098 DBB2     		uxtb	r3, r3
 323 009a 042B     		cmp	r3, #4
 324 009c DBD9     		bls	.L20
  51:.\SysClock.c  ****  }
 325              		.loc 1 51 0 is_stmt 1
 326              	@ 51 ".\SysClock.c" 1
 327 009e 62B6     		CPSIE   i
 328              	@ 0 "" 2
 329              		.code	16
 330              	.L13:
  52:.\SysClock.c  **** 
 331              		.loc 1 52 0
 332 00a0 02B0     		add	sp, sp, #8
 333              		@ sp needed
ARM GAS  C:\DOCUME~1\Remixvit\LOCALS~1\Temp\ccw2u2eo.s 			page 9


 334 00a2 10BD     		pop	{r4, pc}
 335              	.L22:
 336              		.align	2
 337              	.L21:
 338 00a4 00000000 		.word	System_Timer
 339 00a8 00000000 		.word	System_Timer_Flag
 340              		.cfi_endproc
 341              	.LFE34:
 342              		.size	System_Timer_Add, .-System_Timer_Add
 343              		.section	.text.System_Timer_Remove,"ax",%progbits
 344              		.align	2
 345              		.global	System_Timer_Remove
 346              		.code	16
 347              		.thumb_func
 348              		.type	System_Timer_Remove, %function
 349              	System_Timer_Remove:
 350              	.LFB35:
  55:.\SysClock.c  ****     CyGlobalIntDisable;
 351              		.loc 1 55 0
 352              		.cfi_startproc
 353              	.LVL3:
 354 0000 82B0     		sub	sp, sp, #8
 355              		.cfi_def_cfa_offset 8
  56:.\SysClock.c  ****     volatile uint8 i;
 356              		.loc 1 56 0
 357              	@ 56 ".\SysClock.c" 1
 358 0002 72B6     		CPSID   i
 359              	@ 0 "" 2
  58:.\SysClock.c  ****     {
 360              		.loc 1 58 0
 361              		.code	16
 362 0004 0022     		mov	r2, #0
 363 0006 6B46     		mov	r3, sp
 364 0008 DA71     		strb	r2, [r3, #7]
 365 000a 19E0     		b	.L24
 366              	.L27:
  60:.\SysClock.c  ****         {
 367              		.loc 1 60 0
 368 000c 6B46     		mov	r3, sp
 369 000e 0733     		add	r3, r3, #7
 370 0010 1B78     		ldrb	r3, [r3]
 371 0012 DB00     		lsl	r3, r3, #3
 372 0014 0F4A     		ldr	r2, .L28
 373 0016 9B5C     		ldrb	r3, [r3, r2]
 374 0018 DBB2     		uxtb	r3, r3
 375 001a 8342     		cmp	r3, r0
 376 001c 0AD1     		bne	.L25
  62:.\SysClock.c  ****             System_Timer_Flag[Number].Flag = 0;
 377              		.loc 1 62 0
 378 001e 6B46     		mov	r3, sp
 379 0020 0733     		add	r3, r3, #7
 380 0022 1B78     		ldrb	r3, [r3]
 381 0024 DB00     		lsl	r3, r3, #3
 382 0026 FF21     		mov	r1, #255
 383 0028 9954     		strb	r1, [r3, r2]
  63:.\SysClock.c  ****             CyGlobalIntEnable;
 384              		.loc 1 63 0
ARM GAS  C:\DOCUME~1\Remixvit\LOCALS~1\Temp\ccw2u2eo.s 			page 10


 385 002a 0022     		mov	r2, #0
 386 002c 0A4B     		ldr	r3, .L28+4
 387 002e 1A54     		strb	r2, [r3, r0]
  64:.\SysClock.c  ****             break;
 388              		.loc 1 64 0
 389              	@ 64 ".\SysClock.c" 1
 390 0030 62B6     		CPSIE   i
 391              	@ 0 "" 2
  65:.\SysClock.c  ****         }
 392              		.loc 1 65 0
 393              		.code	16
 394 0032 0BE0     		b	.L26
 395              	.L25:
  58:.\SysClock.c  ****     {
 396              		.loc 1 58 0 discriminator 2
 397 0034 6B46     		mov	r3, sp
 398 0036 DA1D     		add	r2, r3, #7
 399 0038 DB79     		ldrb	r3, [r3, #7]
 400 003a 0133     		add	r3, r3, #1
 401 003c DBB2     		uxtb	r3, r3
 402 003e 1370     		strb	r3, [r2]
 403              	.L24:
  58:.\SysClock.c  ****     {
 404              		.loc 1 58 0 is_stmt 0 discriminator 1
 405 0040 6B46     		mov	r3, sp
 406 0042 0733     		add	r3, r3, #7
 407 0044 1B78     		ldrb	r3, [r3]
 408 0046 DBB2     		uxtb	r3, r3
 409 0048 092B     		cmp	r3, #9
 410 004a DFD9     		bls	.L27
 411              	.L26:
  68:.\SysClock.c  **** }
 412              		.loc 1 68 0 is_stmt 1
 413              	@ 68 ".\SysClock.c" 1
 414 004c 62B6     		CPSIE   i
 415              	@ 0 "" 2
  69:.\SysClock.c  **** 
 416              		.loc 1 69 0
 417              		.code	16
 418 004e 02B0     		add	sp, sp, #8
 419              		@ sp needed
 420 0050 7047     		bx	lr
 421              	.L29:
 422 0052 C046     		.align	2
 423              	.L28:
 424 0054 00000000 		.word	System_Timer
 425 0058 00000000 		.word	System_Timer_Flag
 426              		.cfi_endproc
 427              	.LFE35:
 428              		.size	System_Timer_Remove, .-System_Timer_Remove
 429              		.comm	System_Timer,40,4
 430              		.comm	System_Timer_Flag,5,4
 431              		.text
 432              	.Letext0:
 433              		.file 2 "c:\\program files\\cypress\\psoc creator\\3.3\\psoc creator\\import\\gnu\\arm\\4.9.3\\arm
 434              		.file 3 "c:\\program files\\cypress\\psoc creator\\3.3\\psoc creator\\import\\gnu\\arm\\4.9.3\\arm
 435              		.file 4 "Generated_Source\\PSoC4/cytypes.h"
ARM GAS  C:\DOCUME~1\Remixvit\LOCALS~1\Temp\ccw2u2eo.s 			page 11


 436              		.file 5 ".\\SysClock.h"
 437              		.file 6 "Generated_Source\\PSoC4/LED_SEG_PWM.h"
 438              		.file 7 "Generated_Source\\PSoC4/Timer_Interrupt.h"
 439              		.section	.debug_info,"",%progbits
 440              	.Ldebug_info0:
 441 0000 35020000 		.4byte	0x235
 442 0004 0400     		.2byte	0x4
 443 0006 00000000 		.4byte	.Ldebug_abbrev0
 444 000a 04       		.byte	0x4
 445 000b 01       		.uleb128 0x1
 446 000c 65010000 		.4byte	.LASF29
 447 0010 01       		.byte	0x1
 448 0011 2E000000 		.4byte	.LASF30
 449 0015 13020000 		.4byte	.LASF31
 450 0019 00000000 		.4byte	.Ldebug_ranges0+0
 451 001d 00000000 		.4byte	0
 452 0021 00000000 		.4byte	.Ldebug_line0
 453 0025 02       		.uleb128 0x2
 454 0026 01       		.byte	0x1
 455 0027 06       		.byte	0x6
 456 0028 3B020000 		.4byte	.LASF0
 457 002c 03       		.uleb128 0x3
 458 002d 1D000000 		.4byte	.LASF9
 459 0031 02       		.byte	0x2
 460 0032 1D       		.byte	0x1d
 461 0033 37000000 		.4byte	0x37
 462 0037 02       		.uleb128 0x2
 463 0038 01       		.byte	0x1
 464 0039 08       		.byte	0x8
 465 003a 88000000 		.4byte	.LASF1
 466 003e 02       		.uleb128 0x2
 467 003f 02       		.byte	0x2
 468 0040 05       		.byte	0x5
 469 0041 F3010000 		.4byte	.LASF2
 470 0045 02       		.uleb128 0x2
 471 0046 02       		.byte	0x2
 472 0047 07       		.byte	0x7
 473 0048 3B000000 		.4byte	.LASF3
 474 004c 02       		.uleb128 0x2
 475 004d 04       		.byte	0x4
 476 004e 05       		.byte	0x5
 477 004f 0A020000 		.4byte	.LASF4
 478 0053 02       		.uleb128 0x2
 479 0054 04       		.byte	0x4
 480 0055 07       		.byte	0x7
 481 0056 A8000000 		.4byte	.LASF5
 482 005a 02       		.uleb128 0x2
 483 005b 08       		.byte	0x8
 484 005c 05       		.byte	0x5
 485 005d 4D010000 		.4byte	.LASF6
 486 0061 02       		.uleb128 0x2
 487 0062 08       		.byte	0x8
 488 0063 07       		.byte	0x7
 489 0064 18010000 		.4byte	.LASF7
 490 0068 04       		.uleb128 0x4
 491 0069 04       		.byte	0x4
 492 006a 05       		.byte	0x5
ARM GAS  C:\DOCUME~1\Remixvit\LOCALS~1\Temp\ccw2u2eo.s 			page 12


 493 006b 696E7400 		.ascii	"int\000"
 494 006f 02       		.uleb128 0x2
 495 0070 04       		.byte	0x4
 496 0071 07       		.byte	0x7
 497 0072 04010000 		.4byte	.LASF8
 498 0076 03       		.uleb128 0x3
 499 0077 2F010000 		.4byte	.LASF10
 500 007b 03       		.byte	0x3
 501 007c 15       		.byte	0x15
 502 007d 2C000000 		.4byte	0x2c
 503 0081 03       		.uleb128 0x3
 504 0082 BA000000 		.4byte	.LASF11
 505 0086 04       		.byte	0x4
 506 0087 C2       		.byte	0xc2
 507 0088 37000000 		.4byte	0x37
 508 008c 03       		.uleb128 0x3
 509 008d EC000000 		.4byte	.LASF12
 510 0091 04       		.byte	0x4
 511 0092 C4       		.byte	0xc4
 512 0093 53000000 		.4byte	0x53
 513 0097 02       		.uleb128 0x2
 514 0098 04       		.byte	0x4
 515 0099 04       		.byte	0x4
 516 009a 6A000000 		.4byte	.LASF13
 517 009e 02       		.uleb128 0x2
 518 009f 08       		.byte	0x8
 519 00a0 04       		.byte	0x4
 520 00a1 D3000000 		.4byte	.LASF14
 521 00a5 02       		.uleb128 0x2
 522 00a6 01       		.byte	0x1
 523 00a7 08       		.byte	0x8
 524 00a8 60010000 		.4byte	.LASF15
 525 00ac 05       		.uleb128 0x5
 526 00ad 81000000 		.4byte	0x81
 527 00b1 05       		.uleb128 0x5
 528 00b2 8C000000 		.4byte	0x8c
 529 00b6 06       		.uleb128 0x6
 530 00b7 37010000 		.4byte	.LASF16
 531 00bb 04       		.byte	0x4
 532 00bc 7E01     		.2byte	0x17e
 533 00be C2000000 		.4byte	0xc2
 534 00c2 07       		.uleb128 0x7
 535 00c3 04       		.byte	0x4
 536 00c4 C8000000 		.4byte	0xc8
 537 00c8 08       		.uleb128 0x8
 538 00c9 02       		.uleb128 0x2
 539 00ca 04       		.byte	0x4
 540 00cb 07       		.byte	0x7
 541 00cc 44010000 		.4byte	.LASF17
 542 00d0 09       		.uleb128 0x9
 543 00d1 08       		.byte	0x8
 544 00d2 05       		.byte	0x5
 545 00d3 1C       		.byte	0x1c
 546 00d4 F1000000 		.4byte	0xf1
 547 00d8 0A       		.uleb128 0xa
 548 00d9 11010000 		.4byte	.LASF18
 549 00dd 05       		.byte	0x5
ARM GAS  C:\DOCUME~1\Remixvit\LOCALS~1\Temp\ccw2u2eo.s 			page 13


 550 00de 1E       		.byte	0x1e
 551 00df AC000000 		.4byte	0xac
 552 00e3 00       		.byte	0
 553 00e4 0A       		.uleb128 0xa
 554 00e5 47020000 		.4byte	.LASF19
 555 00e9 05       		.byte	0x5
 556 00ea 1F       		.byte	0x1f
 557 00eb B1000000 		.4byte	0xb1
 558 00ef 04       		.byte	0x4
 559 00f0 00       		.byte	0
 560 00f1 0B       		.uleb128 0xb
 561 00f2 D0000000 		.4byte	0xd0
 562 00f6 01010000 		.4byte	0x101
 563 00fa 0C       		.uleb128 0xc
 564 00fb C9000000 		.4byte	0xc9
 565 00ff 04       		.byte	0x4
 566 0100 00       		.byte	0
 567 0101 09       		.uleb128 0x9
 568 0102 01       		.byte	0x1
 569 0103 05       		.byte	0x5
 570 0104 21       		.byte	0x21
 571 0105 16010000 		.4byte	0x116
 572 0109 0A       		.uleb128 0xa
 573 010a 5B010000 		.4byte	.LASF20
 574 010e 05       		.byte	0x5
 575 010f 23       		.byte	0x23
 576 0110 81000000 		.4byte	0x81
 577 0114 00       		.byte	0
 578 0115 00       		.byte	0
 579 0116 0B       		.uleb128 0xb
 580 0117 01010000 		.4byte	0x101
 581 011b 26010000 		.4byte	0x126
 582 011f 0C       		.uleb128 0xc
 583 0120 C9000000 		.4byte	0xc9
 584 0124 04       		.byte	0x4
 585 0125 00       		.byte	0
 586 0126 0D       		.uleb128 0xd
 587 0127 59000000 		.4byte	.LASF22
 588 012b 01       		.byte	0x1
 589 012c 47       		.byte	0x47
 590 012d 00000000 		.4byte	.LFB36
 591 0131 84000000 		.4byte	.LFE36-.LFB36
 592 0135 01       		.uleb128 0x1
 593 0136 9C       		.byte	0x9c
 594 0137 48010000 		.4byte	0x148
 595 013b 0E       		.uleb128 0xe
 596 013c 6900     		.ascii	"i\000"
 597 013e 01       		.byte	0x1
 598 013f 4A       		.byte	0x4a
 599 0140 AC000000 		.4byte	0xac
 600 0144 02       		.uleb128 0x2
 601 0145 91       		.byte	0x91
 602 0146 77       		.sleb128 -9
 603 0147 00       		.byte	0
 604 0148 0F       		.uleb128 0xf
 605 0149 C0000000 		.4byte	.LASF32
 606 014d 01       		.byte	0x1
ARM GAS  C:\DOCUME~1\Remixvit\LOCALS~1\Temp\ccw2u2eo.s 			page 14


 607 014e 0E       		.byte	0xe
 608 014f 00000000 		.4byte	.LFB33
 609 0153 5C000000 		.4byte	.LFE33-.LFB33
 610 0157 01       		.uleb128 0x1
 611 0158 9C       		.byte	0x9c
 612 0159 88010000 		.4byte	0x188
 613 015d 10       		.uleb128 0x10
 614 015e 27000000 		.4byte	.LASF21
 615 0162 01       		.byte	0x1
 616 0163 12       		.byte	0x12
 617 0164 88010000 		.4byte	0x188
 618 0168 02       		.uleb128 0x2
 619 0169 91       		.byte	0x91
 620 016a 77       		.sleb128 -9
 621 016b 11       		.uleb128 0x11
 622 016c 08000000 		.4byte	.LVL0
 623 0170 24020000 		.4byte	0x224
 624 0174 12       		.uleb128 0x12
 625 0175 0E000000 		.4byte	.LVL1
 626 0179 2B020000 		.4byte	0x22b
 627 017d 13       		.uleb128 0x13
 628 017e 01       		.uleb128 0x1
 629 017f 50       		.byte	0x50
 630 0180 05       		.uleb128 0x5
 631 0181 03       		.byte	0x3
 632 0182 00000000 		.4byte	System_Timer_ISR
 633 0186 00       		.byte	0
 634 0187 00       		.byte	0
 635 0188 05       		.uleb128 0x5
 636 0189 76000000 		.4byte	0x76
 637 018d 0D       		.uleb128 0xd
 638 018e F3000000 		.4byte	.LASF23
 639 0192 01       		.byte	0x1
 640 0193 1A       		.byte	0x1a
 641 0194 00000000 		.4byte	.LFB34
 642 0198 AC000000 		.4byte	.LFE34-.LFB34
 643 019c 01       		.uleb128 0x1
 644 019d 9C       		.byte	0x9c
 645 019e C9010000 		.4byte	0x1c9
 646 01a2 14       		.uleb128 0x14
 647 01a3 4E000000 		.4byte	.LASF24
 648 01a7 01       		.byte	0x1
 649 01a8 1A       		.byte	0x1a
 650 01a9 81000000 		.4byte	0x81
 651 01ad 01       		.uleb128 0x1
 652 01ae 50       		.byte	0x50
 653 01af 14       		.uleb128 0x14
 654 01b0 14000000 		.4byte	.LASF25
 655 01b4 01       		.byte	0x1
 656 01b5 1A       		.byte	0x1a
 657 01b6 8C000000 		.4byte	0x8c
 658 01ba 01       		.uleb128 0x1
 659 01bb 51       		.byte	0x51
 660 01bc 0E       		.uleb128 0xe
 661 01bd 6900     		.ascii	"i\000"
 662 01bf 01       		.byte	0x1
 663 01c0 1D       		.byte	0x1d
ARM GAS  C:\DOCUME~1\Remixvit\LOCALS~1\Temp\ccw2u2eo.s 			page 15


 664 01c1 AC000000 		.4byte	0xac
 665 01c5 02       		.uleb128 0x2
 666 01c6 91       		.byte	0x91
 667 01c7 77       		.sleb128 -9
 668 01c8 00       		.byte	0
 669 01c9 0D       		.uleb128 0xd
 670 01ca 00000000 		.4byte	.LASF26
 671 01ce 01       		.byte	0x1
 672 01cf 36       		.byte	0x36
 673 01d0 00000000 		.4byte	.LFB35
 674 01d4 5C000000 		.4byte	.LFE35-.LFB35
 675 01d8 01       		.uleb128 0x1
 676 01d9 9C       		.byte	0x9c
 677 01da F8010000 		.4byte	0x1f8
 678 01de 14       		.uleb128 0x14
 679 01df 11010000 		.4byte	.LASF18
 680 01e3 01       		.byte	0x1
 681 01e4 36       		.byte	0x36
 682 01e5 81000000 		.4byte	0x81
 683 01e9 01       		.uleb128 0x1
 684 01ea 50       		.byte	0x50
 685 01eb 0E       		.uleb128 0xe
 686 01ec 6900     		.ascii	"i\000"
 687 01ee 01       		.byte	0x1
 688 01ef 39       		.byte	0x39
 689 01f0 AC000000 		.4byte	0xac
 690 01f4 02       		.uleb128 0x2
 691 01f5 91       		.byte	0x91
 692 01f6 7F       		.sleb128 -1
 693 01f7 00       		.byte	0
 694 01f8 15       		.uleb128 0x15
 695 01f9 DA000000 		.4byte	.LASF27
 696 01fd 05       		.byte	0x5
 697 01fe 26       		.byte	0x26
 698 01ff 09020000 		.4byte	0x209
 699 0203 05       		.uleb128 0x5
 700 0204 03       		.byte	0x3
 701 0205 00000000 		.4byte	System_Timer_Flag
 702 0209 05       		.uleb128 0x5
 703 020a 16010000 		.4byte	0x116
 704 020e 15       		.uleb128 0x15
 705 020f FD010000 		.4byte	.LASF28
 706 0213 05       		.byte	0x5
 707 0214 27       		.byte	0x27
 708 0215 1F020000 		.4byte	0x21f
 709 0219 05       		.uleb128 0x5
 710 021a 03       		.byte	0x3
 711 021b 00000000 		.4byte	System_Timer
 712 021f 05       		.uleb128 0x5
 713 0220 F1000000 		.4byte	0xf1
 714 0224 16       		.uleb128 0x16
 715 0225 96000000 		.4byte	.LASF33
 716 0229 06       		.byte	0x6
 717 022a 92       		.byte	0x92
 718 022b 17       		.uleb128 0x17
 719 022c 70000000 		.4byte	.LASF34
 720 0230 07       		.byte	0x7
ARM GAS  C:\DOCUME~1\Remixvit\LOCALS~1\Temp\ccw2u2eo.s 			page 16


 721 0231 18       		.byte	0x18
 722 0232 18       		.uleb128 0x18
 723 0233 B6000000 		.4byte	0xb6
 724 0237 00       		.byte	0
 725 0238 00       		.byte	0
 726              		.section	.debug_abbrev,"",%progbits
 727              	.Ldebug_abbrev0:
 728 0000 01       		.uleb128 0x1
 729 0001 11       		.uleb128 0x11
 730 0002 01       		.byte	0x1
 731 0003 25       		.uleb128 0x25
 732 0004 0E       		.uleb128 0xe
 733 0005 13       		.uleb128 0x13
 734 0006 0B       		.uleb128 0xb
 735 0007 03       		.uleb128 0x3
 736 0008 0E       		.uleb128 0xe
 737 0009 1B       		.uleb128 0x1b
 738 000a 0E       		.uleb128 0xe
 739 000b 55       		.uleb128 0x55
 740 000c 17       		.uleb128 0x17
 741 000d 11       		.uleb128 0x11
 742 000e 01       		.uleb128 0x1
 743 000f 10       		.uleb128 0x10
 744 0010 17       		.uleb128 0x17
 745 0011 00       		.byte	0
 746 0012 00       		.byte	0
 747 0013 02       		.uleb128 0x2
 748 0014 24       		.uleb128 0x24
 749 0015 00       		.byte	0
 750 0016 0B       		.uleb128 0xb
 751 0017 0B       		.uleb128 0xb
 752 0018 3E       		.uleb128 0x3e
 753 0019 0B       		.uleb128 0xb
 754 001a 03       		.uleb128 0x3
 755 001b 0E       		.uleb128 0xe
 756 001c 00       		.byte	0
 757 001d 00       		.byte	0
 758 001e 03       		.uleb128 0x3
 759 001f 16       		.uleb128 0x16
 760 0020 00       		.byte	0
 761 0021 03       		.uleb128 0x3
 762 0022 0E       		.uleb128 0xe
 763 0023 3A       		.uleb128 0x3a
 764 0024 0B       		.uleb128 0xb
 765 0025 3B       		.uleb128 0x3b
 766 0026 0B       		.uleb128 0xb
 767 0027 49       		.uleb128 0x49
 768 0028 13       		.uleb128 0x13
 769 0029 00       		.byte	0
 770 002a 00       		.byte	0
 771 002b 04       		.uleb128 0x4
 772 002c 24       		.uleb128 0x24
 773 002d 00       		.byte	0
 774 002e 0B       		.uleb128 0xb
 775 002f 0B       		.uleb128 0xb
 776 0030 3E       		.uleb128 0x3e
 777 0031 0B       		.uleb128 0xb
ARM GAS  C:\DOCUME~1\Remixvit\LOCALS~1\Temp\ccw2u2eo.s 			page 17


 778 0032 03       		.uleb128 0x3
 779 0033 08       		.uleb128 0x8
 780 0034 00       		.byte	0
 781 0035 00       		.byte	0
 782 0036 05       		.uleb128 0x5
 783 0037 35       		.uleb128 0x35
 784 0038 00       		.byte	0
 785 0039 49       		.uleb128 0x49
 786 003a 13       		.uleb128 0x13
 787 003b 00       		.byte	0
 788 003c 00       		.byte	0
 789 003d 06       		.uleb128 0x6
 790 003e 16       		.uleb128 0x16
 791 003f 00       		.byte	0
 792 0040 03       		.uleb128 0x3
 793 0041 0E       		.uleb128 0xe
 794 0042 3A       		.uleb128 0x3a
 795 0043 0B       		.uleb128 0xb
 796 0044 3B       		.uleb128 0x3b
 797 0045 05       		.uleb128 0x5
 798 0046 49       		.uleb128 0x49
 799 0047 13       		.uleb128 0x13
 800 0048 00       		.byte	0
 801 0049 00       		.byte	0
 802 004a 07       		.uleb128 0x7
 803 004b 0F       		.uleb128 0xf
 804 004c 00       		.byte	0
 805 004d 0B       		.uleb128 0xb
 806 004e 0B       		.uleb128 0xb
 807 004f 49       		.uleb128 0x49
 808 0050 13       		.uleb128 0x13
 809 0051 00       		.byte	0
 810 0052 00       		.byte	0
 811 0053 08       		.uleb128 0x8
 812 0054 15       		.uleb128 0x15
 813 0055 00       		.byte	0
 814 0056 27       		.uleb128 0x27
 815 0057 19       		.uleb128 0x19
 816 0058 00       		.byte	0
 817 0059 00       		.byte	0
 818 005a 09       		.uleb128 0x9
 819 005b 13       		.uleb128 0x13
 820 005c 01       		.byte	0x1
 821 005d 0B       		.uleb128 0xb
 822 005e 0B       		.uleb128 0xb
 823 005f 3A       		.uleb128 0x3a
 824 0060 0B       		.uleb128 0xb
 825 0061 3B       		.uleb128 0x3b
 826 0062 0B       		.uleb128 0xb
 827 0063 01       		.uleb128 0x1
 828 0064 13       		.uleb128 0x13
 829 0065 00       		.byte	0
 830 0066 00       		.byte	0
 831 0067 0A       		.uleb128 0xa
 832 0068 0D       		.uleb128 0xd
 833 0069 00       		.byte	0
 834 006a 03       		.uleb128 0x3
ARM GAS  C:\DOCUME~1\Remixvit\LOCALS~1\Temp\ccw2u2eo.s 			page 18


 835 006b 0E       		.uleb128 0xe
 836 006c 3A       		.uleb128 0x3a
 837 006d 0B       		.uleb128 0xb
 838 006e 3B       		.uleb128 0x3b
 839 006f 0B       		.uleb128 0xb
 840 0070 49       		.uleb128 0x49
 841 0071 13       		.uleb128 0x13
 842 0072 38       		.uleb128 0x38
 843 0073 0B       		.uleb128 0xb
 844 0074 00       		.byte	0
 845 0075 00       		.byte	0
 846 0076 0B       		.uleb128 0xb
 847 0077 01       		.uleb128 0x1
 848 0078 01       		.byte	0x1
 849 0079 49       		.uleb128 0x49
 850 007a 13       		.uleb128 0x13
 851 007b 01       		.uleb128 0x1
 852 007c 13       		.uleb128 0x13
 853 007d 00       		.byte	0
 854 007e 00       		.byte	0
 855 007f 0C       		.uleb128 0xc
 856 0080 21       		.uleb128 0x21
 857 0081 00       		.byte	0
 858 0082 49       		.uleb128 0x49
 859 0083 13       		.uleb128 0x13
 860 0084 2F       		.uleb128 0x2f
 861 0085 0B       		.uleb128 0xb
 862 0086 00       		.byte	0
 863 0087 00       		.byte	0
 864 0088 0D       		.uleb128 0xd
 865 0089 2E       		.uleb128 0x2e
 866 008a 01       		.byte	0x1
 867 008b 3F       		.uleb128 0x3f
 868 008c 19       		.uleb128 0x19
 869 008d 03       		.uleb128 0x3
 870 008e 0E       		.uleb128 0xe
 871 008f 3A       		.uleb128 0x3a
 872 0090 0B       		.uleb128 0xb
 873 0091 3B       		.uleb128 0x3b
 874 0092 0B       		.uleb128 0xb
 875 0093 27       		.uleb128 0x27
 876 0094 19       		.uleb128 0x19
 877 0095 11       		.uleb128 0x11
 878 0096 01       		.uleb128 0x1
 879 0097 12       		.uleb128 0x12
 880 0098 06       		.uleb128 0x6
 881 0099 40       		.uleb128 0x40
 882 009a 18       		.uleb128 0x18
 883 009b 9742     		.uleb128 0x2117
 884 009d 19       		.uleb128 0x19
 885 009e 01       		.uleb128 0x1
 886 009f 13       		.uleb128 0x13
 887 00a0 00       		.byte	0
 888 00a1 00       		.byte	0
 889 00a2 0E       		.uleb128 0xe
 890 00a3 34       		.uleb128 0x34
 891 00a4 00       		.byte	0
ARM GAS  C:\DOCUME~1\Remixvit\LOCALS~1\Temp\ccw2u2eo.s 			page 19


 892 00a5 03       		.uleb128 0x3
 893 00a6 08       		.uleb128 0x8
 894 00a7 3A       		.uleb128 0x3a
 895 00a8 0B       		.uleb128 0xb
 896 00a9 3B       		.uleb128 0x3b
 897 00aa 0B       		.uleb128 0xb
 898 00ab 49       		.uleb128 0x49
 899 00ac 13       		.uleb128 0x13
 900 00ad 02       		.uleb128 0x2
 901 00ae 18       		.uleb128 0x18
 902 00af 00       		.byte	0
 903 00b0 00       		.byte	0
 904 00b1 0F       		.uleb128 0xf
 905 00b2 2E       		.uleb128 0x2e
 906 00b3 01       		.byte	0x1
 907 00b4 3F       		.uleb128 0x3f
 908 00b5 19       		.uleb128 0x19
 909 00b6 03       		.uleb128 0x3
 910 00b7 0E       		.uleb128 0xe
 911 00b8 3A       		.uleb128 0x3a
 912 00b9 0B       		.uleb128 0xb
 913 00ba 3B       		.uleb128 0x3b
 914 00bb 0B       		.uleb128 0xb
 915 00bc 11       		.uleb128 0x11
 916 00bd 01       		.uleb128 0x1
 917 00be 12       		.uleb128 0x12
 918 00bf 06       		.uleb128 0x6
 919 00c0 40       		.uleb128 0x40
 920 00c1 18       		.uleb128 0x18
 921 00c2 9742     		.uleb128 0x2117
 922 00c4 19       		.uleb128 0x19
 923 00c5 01       		.uleb128 0x1
 924 00c6 13       		.uleb128 0x13
 925 00c7 00       		.byte	0
 926 00c8 00       		.byte	0
 927 00c9 10       		.uleb128 0x10
 928 00ca 34       		.uleb128 0x34
 929 00cb 00       		.byte	0
 930 00cc 03       		.uleb128 0x3
 931 00cd 0E       		.uleb128 0xe
 932 00ce 3A       		.uleb128 0x3a
 933 00cf 0B       		.uleb128 0xb
 934 00d0 3B       		.uleb128 0x3b
 935 00d1 0B       		.uleb128 0xb
 936 00d2 49       		.uleb128 0x49
 937 00d3 13       		.uleb128 0x13
 938 00d4 02       		.uleb128 0x2
 939 00d5 18       		.uleb128 0x18
 940 00d6 00       		.byte	0
 941 00d7 00       		.byte	0
 942 00d8 11       		.uleb128 0x11
 943 00d9 898201   		.uleb128 0x4109
 944 00dc 00       		.byte	0
 945 00dd 11       		.uleb128 0x11
 946 00de 01       		.uleb128 0x1
 947 00df 31       		.uleb128 0x31
 948 00e0 13       		.uleb128 0x13
ARM GAS  C:\DOCUME~1\Remixvit\LOCALS~1\Temp\ccw2u2eo.s 			page 20


 949 00e1 00       		.byte	0
 950 00e2 00       		.byte	0
 951 00e3 12       		.uleb128 0x12
 952 00e4 898201   		.uleb128 0x4109
 953 00e7 01       		.byte	0x1
 954 00e8 11       		.uleb128 0x11
 955 00e9 01       		.uleb128 0x1
 956 00ea 31       		.uleb128 0x31
 957 00eb 13       		.uleb128 0x13
 958 00ec 00       		.byte	0
 959 00ed 00       		.byte	0
 960 00ee 13       		.uleb128 0x13
 961 00ef 8A8201   		.uleb128 0x410a
 962 00f2 00       		.byte	0
 963 00f3 02       		.uleb128 0x2
 964 00f4 18       		.uleb128 0x18
 965 00f5 9142     		.uleb128 0x2111
 966 00f7 18       		.uleb128 0x18
 967 00f8 00       		.byte	0
 968 00f9 00       		.byte	0
 969 00fa 14       		.uleb128 0x14
 970 00fb 05       		.uleb128 0x5
 971 00fc 00       		.byte	0
 972 00fd 03       		.uleb128 0x3
 973 00fe 0E       		.uleb128 0xe
 974 00ff 3A       		.uleb128 0x3a
 975 0100 0B       		.uleb128 0xb
 976 0101 3B       		.uleb128 0x3b
 977 0102 0B       		.uleb128 0xb
 978 0103 49       		.uleb128 0x49
 979 0104 13       		.uleb128 0x13
 980 0105 02       		.uleb128 0x2
 981 0106 18       		.uleb128 0x18
 982 0107 00       		.byte	0
 983 0108 00       		.byte	0
 984 0109 15       		.uleb128 0x15
 985 010a 34       		.uleb128 0x34
 986 010b 00       		.byte	0
 987 010c 03       		.uleb128 0x3
 988 010d 0E       		.uleb128 0xe
 989 010e 3A       		.uleb128 0x3a
 990 010f 0B       		.uleb128 0xb
 991 0110 3B       		.uleb128 0x3b
 992 0111 0B       		.uleb128 0xb
 993 0112 49       		.uleb128 0x49
 994 0113 13       		.uleb128 0x13
 995 0114 3F       		.uleb128 0x3f
 996 0115 19       		.uleb128 0x19
 997 0116 02       		.uleb128 0x2
 998 0117 18       		.uleb128 0x18
 999 0118 00       		.byte	0
 1000 0119 00       		.byte	0
 1001 011a 16       		.uleb128 0x16
 1002 011b 2E       		.uleb128 0x2e
 1003 011c 00       		.byte	0
 1004 011d 3F       		.uleb128 0x3f
 1005 011e 19       		.uleb128 0x19
ARM GAS  C:\DOCUME~1\Remixvit\LOCALS~1\Temp\ccw2u2eo.s 			page 21


 1006 011f 03       		.uleb128 0x3
 1007 0120 0E       		.uleb128 0xe
 1008 0121 3A       		.uleb128 0x3a
 1009 0122 0B       		.uleb128 0xb
 1010 0123 3B       		.uleb128 0x3b
 1011 0124 0B       		.uleb128 0xb
 1012 0125 27       		.uleb128 0x27
 1013 0126 19       		.uleb128 0x19
 1014 0127 3C       		.uleb128 0x3c
 1015 0128 19       		.uleb128 0x19
 1016 0129 00       		.byte	0
 1017 012a 00       		.byte	0
 1018 012b 17       		.uleb128 0x17
 1019 012c 2E       		.uleb128 0x2e
 1020 012d 01       		.byte	0x1
 1021 012e 3F       		.uleb128 0x3f
 1022 012f 19       		.uleb128 0x19
 1023 0130 03       		.uleb128 0x3
 1024 0131 0E       		.uleb128 0xe
 1025 0132 3A       		.uleb128 0x3a
 1026 0133 0B       		.uleb128 0xb
 1027 0134 3B       		.uleb128 0x3b
 1028 0135 0B       		.uleb128 0xb
 1029 0136 27       		.uleb128 0x27
 1030 0137 19       		.uleb128 0x19
 1031 0138 3C       		.uleb128 0x3c
 1032 0139 19       		.uleb128 0x19
 1033 013a 00       		.byte	0
 1034 013b 00       		.byte	0
 1035 013c 18       		.uleb128 0x18
 1036 013d 05       		.uleb128 0x5
 1037 013e 00       		.byte	0
 1038 013f 49       		.uleb128 0x49
 1039 0140 13       		.uleb128 0x13
 1040 0141 00       		.byte	0
 1041 0142 00       		.byte	0
 1042 0143 00       		.byte	0
 1043              		.section	.debug_aranges,"",%progbits
 1044 0000 34000000 		.4byte	0x34
 1045 0004 0200     		.2byte	0x2
 1046 0006 00000000 		.4byte	.Ldebug_info0
 1047 000a 04       		.byte	0x4
 1048 000b 00       		.byte	0
 1049 000c 0000     		.2byte	0
 1050 000e 0000     		.2byte	0
 1051 0010 00000000 		.4byte	.LFB36
 1052 0014 84000000 		.4byte	.LFE36-.LFB36
 1053 0018 00000000 		.4byte	.LFB33
 1054 001c 5C000000 		.4byte	.LFE33-.LFB33
 1055 0020 00000000 		.4byte	.LFB34
 1056 0024 AC000000 		.4byte	.LFE34-.LFB34
 1057 0028 00000000 		.4byte	.LFB35
 1058 002c 5C000000 		.4byte	.LFE35-.LFB35
 1059 0030 00000000 		.4byte	0
 1060 0034 00000000 		.4byte	0
 1061              		.section	.debug_ranges,"",%progbits
 1062              	.Ldebug_ranges0:
ARM GAS  C:\DOCUME~1\Remixvit\LOCALS~1\Temp\ccw2u2eo.s 			page 22


 1063 0000 00000000 		.4byte	.LFB36
 1064 0004 84000000 		.4byte	.LFE36
 1065 0008 00000000 		.4byte	.LFB33
 1066 000c 5C000000 		.4byte	.LFE33
 1067 0010 00000000 		.4byte	.LFB34
 1068 0014 AC000000 		.4byte	.LFE34
 1069 0018 00000000 		.4byte	.LFB35
 1070 001c 5C000000 		.4byte	.LFE35
 1071 0020 00000000 		.4byte	0
 1072 0024 00000000 		.4byte	0
 1073              		.section	.debug_line,"",%progbits
 1074              	.Ldebug_line0:
 1075 0000 2E020000 		.section	.debug_str,"MS",%progbits,1
 1075      02006901 
 1075      00000201 
 1075      FB0E0D00 
 1075      01010101 
 1076              	.LASF26:
 1077 0000 53797374 		.ascii	"System_Timer_Remove\000"
 1077      656D5F54 
 1077      696D6572 
 1077      5F52656D 
 1077      6F766500 
 1078              	.LASF25:
 1079 0014 4E65775F 		.ascii	"New_Time\000"
 1079      54696D65 
 1079      00
 1080              	.LASF9:
 1081 001d 5F5F7569 		.ascii	"__uint8_t\000"
 1081      6E74385F 
 1081      7400
 1082              	.LASF21:
 1083 0027 5363726F 		.ascii	"Scroll\000"
 1083      6C6C00
 1084              	.LASF30:
 1085 002e 2E5C5379 		.ascii	".\\SysClock.c\000"
 1085      73436C6F 
 1085      636B2E63 
 1085      00
 1086              	.LASF3:
 1087 003b 73686F72 		.ascii	"short unsigned int\000"
 1087      7420756E 
 1087      7369676E 
 1087      65642069 
 1087      6E7400
 1088              	.LASF24:
 1089 004e 4E65775F 		.ascii	"New_Number\000"
 1089      4E756D62 
 1089      657200
 1090              	.LASF22:
 1091 0059 53797374 		.ascii	"System_Timer_ISR\000"
 1091      656D5F54 
 1091      696D6572 
 1091      5F495352 
 1091      00
 1092              	.LASF13:
 1093 006a 666C6F61 		.ascii	"float\000"
ARM GAS  C:\DOCUME~1\Remixvit\LOCALS~1\Temp\ccw2u2eo.s 			page 23


 1093      7400
 1094              	.LASF34:
 1095 0070 54696D65 		.ascii	"Timer_Interrupt_StartEx\000"
 1095      725F496E 
 1095      74657272 
 1095      7570745F 
 1095      53746172 
 1096              	.LASF1:
 1097 0088 756E7369 		.ascii	"unsigned char\000"
 1097      676E6564 
 1097      20636861 
 1097      7200
 1098              	.LASF33:
 1099 0096 4C45445F 		.ascii	"LED_SEG_PWM_Start\000"
 1099      5345475F 
 1099      50574D5F 
 1099      53746172 
 1099      7400
 1100              	.LASF5:
 1101 00a8 6C6F6E67 		.ascii	"long unsigned int\000"
 1101      20756E73 
 1101      69676E65 
 1101      6420696E 
 1101      7400
 1102              	.LASF11:
 1103 00ba 75696E74 		.ascii	"uint8\000"
 1103      3800
 1104              	.LASF32:
 1105 00c0 53797374 		.ascii	"System_Timer_Start\000"
 1105      656D5F54 
 1105      696D6572 
 1105      5F537461 
 1105      727400
 1106              	.LASF14:
 1107 00d3 646F7562 		.ascii	"double\000"
 1107      6C6500
 1108              	.LASF27:
 1109 00da 53797374 		.ascii	"System_Timer_Flag\000"
 1109      656D5F54 
 1109      696D6572 
 1109      5F466C61 
 1109      6700
 1110              	.LASF12:
 1111 00ec 75696E74 		.ascii	"uint32\000"
 1111      333200
 1112              	.LASF23:
 1113 00f3 53797374 		.ascii	"System_Timer_Add\000"
 1113      656D5F54 
 1113      696D6572 
 1113      5F416464 
 1113      00
 1114              	.LASF8:
 1115 0104 756E7369 		.ascii	"unsigned int\000"
 1115      676E6564 
 1115      20696E74 
 1115      00
 1116              	.LASF18:
ARM GAS  C:\DOCUME~1\Remixvit\LOCALS~1\Temp\ccw2u2eo.s 			page 24


 1117 0111 4E756D62 		.ascii	"Number\000"
 1117      657200
 1118              	.LASF7:
 1119 0118 6C6F6E67 		.ascii	"long long unsigned int\000"
 1119      206C6F6E 
 1119      6720756E 
 1119      7369676E 
 1119      65642069 
 1120              	.LASF10:
 1121 012f 75696E74 		.ascii	"uint8_t\000"
 1121      385F7400 
 1122              	.LASF16:
 1123 0137 63796973 		.ascii	"cyisraddress\000"
 1123      72616464 
 1123      72657373 
 1123      00
 1124              	.LASF17:
 1125 0144 73697A65 		.ascii	"sizetype\000"
 1125      74797065 
 1125      00
 1126              	.LASF6:
 1127 014d 6C6F6E67 		.ascii	"long long int\000"
 1127      206C6F6E 
 1127      6720696E 
 1127      7400
 1128              	.LASF20:
 1129 015b 466C6167 		.ascii	"Flag\000"
 1129      00
 1130              	.LASF15:
 1131 0160 63686172 		.ascii	"char\000"
 1131      00
 1132              	.LASF29:
 1133 0165 474E5520 		.ascii	"GNU C 4.9.3 20150303 (release) [ARM/embedded-4_9-br"
 1133      4320342E 
 1133      392E3320 
 1133      32303135 
 1133      30333033 
 1134 0198 616E6368 		.ascii	"anch revision 221220] -mcpu=cortex-m0 -mthumb -g -O"
 1134      20726576 
 1134      6973696F 
 1134      6E203232 
 1134      31323230 
 1135 01cb 67202D66 		.ascii	"g -ffunction-sections -ffat-lto-objects\000"
 1135      66756E63 
 1135      74696F6E 
 1135      2D736563 
 1135      74696F6E 
 1136              	.LASF2:
 1137 01f3 73686F72 		.ascii	"short int\000"
 1137      7420696E 
 1137      7400
 1138              	.LASF28:
 1139 01fd 53797374 		.ascii	"System_Timer\000"
 1139      656D5F54 
 1139      696D6572 
 1139      00
 1140              	.LASF4:
ARM GAS  C:\DOCUME~1\Remixvit\LOCALS~1\Temp\ccw2u2eo.s 			page 25


 1141 020a 6C6F6E67 		.ascii	"long int\000"
 1141      20696E74 
 1141      00
 1142              	.LASF31:
 1143 0213 433A5C45 		.ascii	"C:\\EAGLE\\My\\Thermometr\\Thermometr.cydsn\000"
 1143      41474C45 
 1143      5C4D795C 
 1143      54686572 
 1143      6D6F6D65 
 1144              	.LASF0:
 1145 023b 7369676E 		.ascii	"signed char\000"
 1145      65642063 
 1145      68617200 
 1146              	.LASF19:
 1147 0247 54696D65 		.ascii	"Time\000"
 1147      00
 1148              		.ident	"GCC: (GNU Tools for ARM Embedded Processors) 4.9.3 20150303 (release) [ARM/embedded-4_9-br
